[ 2015-11-14T11:00:43+08:00 ] 121.42.0.34 /
INFO: [ app_init ] --START--
INFO: Run Behavior\BuildLiteBehavior [ RunTime:0.000015s ]
INFO: [ app_init ] --END-- [ RunTime:0.000342s ]
NOTIC: [8192] mysql_get_server_info(): The mysql extension is deprecated and will be removed in the future: use mysqli or PDO instead /var/www/shop/App/Admin/Conf/config.php 第 18 行.
NOTIC: [2] mysql_get_server_info(): Access denied for user 'www'@'localhost' (using password: NO) /var/www/shop/App/Admin/Conf/config.php 第 18 行.
NOTIC: [2] mysql_get_server_info(): A link to the server could not be established /var/www/shop/App/Admin/Conf/config.php 第 18 行.
INFO: [ app_begin ] --START--
INFO: Run Behavior\ReadHtmlCacheBehavior [ RunTime:0.000445s ]
INFO: [ app_begin ] --END-- [ RunTime:0.000490s ]

[ 2015-11-14T13:27:58+08:00 ] 119.2.14.179 /index.php/admin
INFO: [ app_init ] --START--
INFO: Run Behavior\BuildLiteBehavior [ RunTime:0.000014s ]
INFO: [ app_init ] --END-- [ RunTime:0.000289s ]
NOTIC: [8192] mysql_get_server_info(): The mysql extension is deprecated and will be removed in the future: use mysqli or PDO instead /var/www/shop/App/Admin/Conf/config.php 第 18 行.
NOTIC: [2] mysql_get_server_info(): Access denied for user 'www'@'localhost' (using password: NO) /var/www/shop/App/Admin/Conf/config.php 第 18 行.
NOTIC: [2] mysql_get_server_info(): A link to the server could not be established /var/www/shop/App/Admin/Conf/config.php 第 18 行.
INFO: [ app_begin ] --START--
INFO: Run Behavior\ReadHtmlCacheBehavior [ RunTime:0.000394s ]
INFO: [ app_begin ] --END-- [ RunTime:0.000438s ]

[ 2015-11-14T13:27:58+08:00 ] 119.2.14.179 /index.php/Login/index.html
INFO: [ app_init ] --START--
INFO: Run Behavior\BuildLiteBehavior [ RunTime:0.000013s ]
INFO: [ app_init ] --END-- [ RunTime:0.000295s ]
NOTIC: [8192] mysql_get_server_info(): The mysql extension is deprecated and will be removed in the future: use mysqli or PDO instead /var/www/shop/App/Admin/Conf/config.php 第 18 行.
NOTIC: [2] mysql_get_server_info(): Access denied for user 'www'@'localhost' (using password: NO) /var/www/shop/App/Admin/Conf/config.php 第 18 行.
NOTIC: [2] mysql_get_server_info(): A link to the server could not be established /var/www/shop/App/Admin/Conf/config.php 第 18 行.
INFO: [ app_begin ] --START--
INFO: Run Behavior\ReadHtmlCacheBehavior [ RunTime:0.000362s ]
INFO: [ app_begin ] --END-- [ RunTime:0.000408s ]
INFO: [ view_parse ] --START--
INFO: [ template_filter ] --START--
INFO: Run Behavior\ContentReplaceBehavior [ RunTime:0.000044s ]
INFO: [ template_filter ] --END-- [ RunTime:0.000102s ]
INFO: Run Behavior\ParseTemplateBehavior [ RunTime:0.066134s ]
INFO: [ view_parse ] --END-- [ RunTime:0.066177s ]
INFO: [ view_filter ] --START--
INFO: Run Behavior\WriteHtmlCacheBehavior [ RunTime:0.000129s ]
INFO: [ view_filter ] --END-- [ RunTime:0.000167s ]
INFO: [ app_end ] --START--
INFO: Run Behavior\ShowPageTraceBehavior [ RunTime:0.000406s ]
INFO: [ app_end ] --END-- [ RunTime:0.000455s ]

[ 2015-11-14T13:27:59+08:00 ] 119.2.14.179 /index.php/Login/verify.html
INFO: [ app_init ] --START--
INFO: Run Behavior\BuildLiteBehavior [ RunTime:0.000015s ]
INFO: [ app_init ] --END-- [ RunTime:0.000295s ]
NOTIC: [8192] mysql_get_server_info(): The mysql extension is deprecated and will be removed in the future: use mysqli or PDO instead /var/www/shop/App/Admin/Conf/config.php 第 18 行.
NOTIC: [2] mysql_get_server_info(): Access denied for user 'www'@'localhost' (using password: NO) /var/www/shop/App/Admin/Conf/config.php 第 18 行.
NOTIC: [2] mysql_get_server_info(): A link to the server could not be established /var/www/shop/App/Admin/Conf/config.php 第 18 行.
INFO: [ app_begin ] --START--
INFO: Run Behavior\ReadHtmlCacheBehavior [ RunTime:0.000412s ]
INFO: [ app_begin ] --END-- [ RunTime:0.000456s ]
INFO: [ app_end ] --START--
INFO: Run Behavior\ShowPageTraceBehavior [ RunTime:0.000577s ]
INFO: [ app_end ] --END-- [ RunTime:0.000651s ]

[ 2015-11-14T13:28:00+08:00 ] 119.2.14.179 /favicon.ico
INFO: [ app_init ] --START--
INFO: Run Behavior\BuildLiteBehavior [ RunTime:0.000014s ]
INFO: [ app_init ] --END-- [ RunTime:0.000311s ]
NOTIC: [8192] mysql_get_server_info(): The mysql extension is deprecated and will be removed in the future: use mysqli or PDO instead /var/www/shop/App/Admin/Conf/config.php 第 18 行.
NOTIC: [2] mysql_get_server_info(): Access denied for user 'www'@'localhost' (using password: NO) /var/www/shop/App/Admin/Conf/config.php 第 18 行.
NOTIC: [2] mysql_get_server_info(): A link to the server could not be established /var/www/shop/App/Admin/Conf/config.php 第 18 行.

[ 2015-11-14T13:28:01+08:00 ] 119.2.14.179 /index.php/Login/verify/id/0.8934132689610124
INFO: [ app_init ] --START--
INFO: Run Behavior\BuildLiteBehavior [ RunTime:0.000015s ]
INFO: [ app_init ] --END-- [ RunTime:0.000320s ]
NOTIC: [8192] mysql_get_server_info(): The mysql extension is deprecated and will be removed in the future: use mysqli or PDO instead /var/www/shop/App/Admin/Conf/config.php 第 18 行.
NOTIC: [2] mysql_get_server_info(): Access denied for user 'www'@'localhost' (using password: NO) /var/www/shop/App/Admin/Conf/config.php 第 18 行.
NOTIC: [2] mysql_get_server_info(): A link to the server could not be established /var/www/shop/App/Admin/Conf/config.php 第 18 行.
INFO: [ app_begin ] --START--
INFO: Run Behavior\ReadHtmlCacheBehavior [ RunTime:0.000366s ]
INFO: [ app_begin ] --END-- [ RunTime:0.000411s ]
INFO: [ app_end ] --START--
INFO: Run Behavior\ShowPageTraceBehavior [ RunTime:0.000405s ]
INFO: [ app_end ] --END-- [ RunTime:0.000458s ]

[ 2015-11-14T13:28:02+08:00 ] 119.2.14.179 /index.php/Login/verify/id/0.23316314606927335
INFO: [ app_init ] --START--
INFO: Run Behavior\BuildLiteBehavior [ RunTime:0.000014s ]
INFO: [ app_init ] --END-- [ RunTime:0.000277s ]
NOTIC: [8192] mysql_get_server_info(): The mysql extension is deprecated and will be removed in the future: use mysqli or PDO instead /var/www/shop/App/Admin/Conf/config.php 第 18 行.
NOTIC: [2] mysql_get_server_info(): Access denied for user 'www'@'localhost' (using password: NO) /var/www/shop/App/Admin/Conf/config.php 第 18 行.
NOTIC: [2] mysql_get_server_info(): A link to the server could not be established /var/www/shop/App/Admin/Conf/config.php 第 18 行.
INFO: [ app_begin ] --START--
INFO: Run Behavior\ReadHtmlCacheBehavior [ RunTime:0.000388s ]
INFO: [ app_begin ] --END-- [ RunTime:0.000432s ]
INFO: [ app_end ] --START--
INFO: Run Behavior\ShowPageTraceBehavior [ RunTime:0.000398s ]
INFO: [ app_end ] --END-- [ RunTime:0.000448s ]

[ 2015-11-14T13:28:05+08:00 ] 119.147.146.192 /index.php/admin
INFO: [ app_init ] --START--
INFO: Run Behavior\BuildLiteBehavior [ RunTime:0.000016s ]
INFO: [ app_init ] --END-- [ RunTime:0.000307s ]
NOTIC: [8192] mysql_get_server_info(): The mysql extension is deprecated and will be removed in the future: use mysqli or PDO instead /var/www/shop/App/Admin/Conf/config.php 第 18 行.
NOTIC: [2] mysql_get_server_info(): Access denied for user 'www'@'localhost' (using password: NO) /var/www/shop/App/Admin/Conf/config.php 第 18 行.
NOTIC: [2] mysql_get_server_info(): A link to the server could not be established /var/www/shop/App/Admin/Conf/config.php 第 18 行.
INFO: [ app_begin ] --START--
INFO: Run Behavior\ReadHtmlCacheBehavior [ RunTime:0.000395s ]
INFO: [ app_begin ] --END-- [ RunTime:0.000445s ]

[ 2015-11-14T13:28:05+08:00 ] 119.147.146.192 /index.php/Login/index.html
INFO: [ app_init ] --START--
INFO: Run Behavior\BuildLiteBehavior [ RunTime:0.000013s ]
INFO: [ app_init ] --END-- [ RunTime:0.000297s ]
NOTIC: [8192] mysql_get_server_info(): The mysql extension is deprecated and will be removed in the future: use mysqli or PDO instead /var/www/shop/App/Admin/Conf/config.php 第 18 行.
NOTIC: [2] mysql_get_server_info(): Access denied for user 'www'@'localhost' (using password: NO) /var/www/shop/App/Admin/Conf/config.php 第 18 行.
NOTIC: [2] mysql_get_server_info(): A link to the server could not be established /var/www/shop/App/Admin/Conf/config.php 第 18 行.
INFO: [ app_begin ] --START--
INFO: Run Behavior\ReadHtmlCacheBehavior [ RunTime:0.000399s ]
INFO: [ app_begin ] --END-- [ RunTime:0.000442s ]
INFO: [ view_parse ] --START--
INFO: [ template_filter ] --START--
INFO: Run Behavior\ContentReplaceBehavior [ RunTime:0.000040s ]
INFO: [ template_filter ] --END-- [ RunTime:0.000083s ]
INFO: Run Behavior\ParseTemplateBehavior [ RunTime:0.006481s ]
INFO: [ view_parse ] --END-- [ RunTime:0.006521s ]
INFO: [ view_filter ] --START--
INFO: Run Behavior\WriteHtmlCacheBehavior [ RunTime:0.000121s ]
INFO: [ view_filter ] --END-- [ RunTime:0.000170s ]
INFO: [ app_end ] --START--
INFO: Run Behavior\ShowPageTraceBehavior [ RunTime:0.000375s ]
INFO: [ app_end ] --END-- [ RunTime:0.000413s ]

[ 2015-11-14T13:28:05+08:00 ] 119.147.146.192 /index.php/Login/index.html
INFO: [ app_init ] --START--
INFO: Run Behavior\BuildLiteBehavior [ RunTime:0.000017s ]
INFO: [ app_init ] --END-- [ RunTime:0.000337s ]
NOTIC: [8192] mysql_get_server_info(): The mysql extension is deprecated and will be removed in the future: use mysqli or PDO instead /var/www/shop/App/Admin/Conf/config.php 第 18 行.
NOTIC: [2] mysql_get_server_info(): Access denied for user 'www'@'localhost' (using password: NO) /var/www/shop/App/Admin/Conf/config.php 第 18 行.
NOTIC: [2] mysql_get_server_info(): A link to the server could not be established /var/www/shop/App/Admin/Conf/config.php 第 18 行.
INFO: [ app_begin ] --START--
INFO: Run Behavior\ReadHtmlCacheBehavior [ RunTime:0.000371s ]
INFO: [ app_begin ] --END-- [ RunTime:0.000414s ]
INFO: [ view_parse ] --START--
INFO: [ template_filter ] --START--
INFO: Run Behavior\ContentReplaceBehavior [ RunTime:0.000041s ]
INFO: [ template_filter ] --END-- [ RunTime:0.000085s ]
INFO: Run Behavior\ParseTemplateBehavior [ RunTime:0.007118s ]
INFO: [ view_parse ] --END-- [ RunTime:0.007159s ]
INFO: [ view_filter ] --START--
INFO: Run Behavior\WriteHtmlCacheBehavior [ RunTime:0.000115s ]
INFO: [ view_filter ] --END-- [ RunTime:0.000153s ]
INFO: [ app_end ] --START--
INFO: Run Behavior\ShowPageTraceBehavior [ RunTime:0.000401s ]
INFO: [ app_end ] --END-- [ RunTime:0.000439s ]

[ 2015-11-14T13:28:06+08:00 ] 119.2.14.179 /index.php/Login/relogin.html
INFO: [ app_init ] --START--
INFO: Run Behavior\BuildLiteBehavior [ RunTime:0.000015s ]
INFO: [ app_init ] --END-- [ RunTime:0.000340s ]
NOTIC: [8192] mysql_get_server_info(): The mysql extension is deprecated and will be removed in the future: use mysqli or PDO instead /var/www/shop/App/Admin/Conf/config.php 第 18 行.
NOTIC: [2] mysql_get_server_info(): Access denied for user 'www'@'localhost' (using password: NO) /var/www/shop/App/Admin/Conf/config.php 第 18 行.
NOTIC: [2] mysql_get_server_info(): A link to the server could not be established /var/www/shop/App/Admin/Conf/config.php 第 18 行.
INFO: [ app_begin ] --START--
INFO: Run Behavior\ReadHtmlCacheBehavior [ RunTime:0.000358s ]
INFO: [ app_begin ] --END-- [ RunTime:0.000403s ]
SQL: SHOW COLUMNS FROM `hx_admin` [ RunTime:0.0010s ]
SQL: SELECT * FROM `hx_admin` WHERE `username` = 'admin' AND `password` = 'e10adc3949ba59abbe56e057f20f883e' LIMIT 1   [ RunTime:0.0003s ]
SQL: UPDATE `hx_admin` SET `logintime`='1447478886',`loginip`='119.2.14.179' WHERE `id` = 1 [ RunTime:0.0089s ]

[ 2015-11-14T13:28:06+08:00 ] 119.2.14.179 /index.php/Index/index.html
INFO: [ app_init ] --START--
INFO: Run Behavior\BuildLiteBehavior [ RunTime:0.000014s ]
INFO: [ app_init ] --END-- [ RunTime:0.000273s ]
NOTIC: [8192] mysql_get_server_info(): The mysql extension is deprecated and will be removed in the future: use mysqli or PDO instead /var/www/shop/App/Admin/Conf/config.php 第 18 行.
NOTIC: [2] mysql_get_server_info(): Access denied for user 'www'@'localhost' (using password: NO) /var/www/shop/App/Admin/Conf/config.php 第 18 行.
NOTIC: [2] mysql_get_server_info(): A link to the server could not be established /var/www/shop/App/Admin/Conf/config.php 第 18 行.
INFO: [ app_begin ] --START--
INFO: Run Behavior\ReadHtmlCacheBehavior [ RunTime:0.000373s ]
INFO: [ app_begin ] --END-- [ RunTime:0.000416s ]
SQL: SHOW COLUMNS FROM `hx_node` [ RunTime:0.0011s ]
SQL: SHOW COLUMNS FROM `hx_admin` [ RunTime:0.0007s ]
SQL: SELECT n.name,n.title,n.id,n.pid,n.icon FROM hx_admin a  left join hx_role r on r.id=a.role_id  left join hx_access ac on ac.role_id=r.id  left join hx_node n on n.id=ac.node_id  WHERE n.status = '开启' AND a.id = '1' ORDER BY n.sort  [ RunTime:0.0009s ]
SQL: SELECT n.name,n.title,n.id,n.pid,n.icon FROM hx_admin a  left join hx_role r on r.id=a.role_id  left join hx_access ac on ac.role_id=r.id  left join hx_node n on n.id=ac.node_id  WHERE n.status = '开启' AND a.id = '1' ORDER BY n.sort  [ RunTime:0.0007s ]
SQL: SHOW COLUMNS FROM `hx_node` [ RunTime:0.0008s ]
SQL: SELECT `pid` FROM `hx_node` WHERE `name` = 'Index' LIMIT 1   [ RunTime:0.0003s ]
NOTIC: [2] Missing argument 1 for Admin\Model\NodeModel::getMenu(), called in /var/www/shop/App/Admin/Controller/BaseController.class.php on line 32 and defined /var/www/shop/App/Admin/Model/NodeModel.class.php 第 29 行.
NOTIC: [8] Undefined variable: id /var/www/shop/App/Admin/Model/NodeModel.class.php 第 32 行.
SQL: SELECT n.name,n.title,n.id,n.pid,n.icon FROM hx_admin a  left join hx_role r on r.id=a.role_id  left join hx_access ac on ac.role_id=r.id  left join hx_node n on n.id=ac.node_id  WHERE n.status = '开启' AND n.type = '是' AND a.id = null ORDER BY n.sort  [ RunTime:0.0003s ]
INFO: [ view_parse ] --START--
INFO: [ template_filter ] --START--
INFO: Run Behavior\ContentReplaceBehavior [ RunTime:0.000082s ]
INFO: [ template_filter ] --END-- [ RunTime:0.000130s ]
INFO: Run Behavior\ParseTemplateBehavior [ RunTime:0.025613s ]
INFO: [ view_parse ] --END-- [ RunTime:0.025657s ]
INFO: [ view_filter ] --START--
INFO: Run Behavior\WriteHtmlCacheBehavior [ RunTime:0.000122s ]
INFO: [ view_filter ] --END-- [ RunTime:0.000159s ]
INFO: [ app_end ] --START--
INFO: Run Behavior\ShowPageTraceBehavior [ RunTime:0.000484s ]
INFO: [ app_end ] --END-- [ RunTime:0.000530s ]

[ 2015-11-14T13:28:06+08:00 ] 119.147.146.192 /'+b.content[0]+'
INFO: [ app_init ] --START--
INFO: Run Behavior\BuildLiteBehavior [ RunTime:0.000014s ]
INFO: [ app_init ] --END-- [ RunTime:0.000284s ]
NOTIC: [8192] mysql_get_server_info(): The mysql extension is deprecated and will be removed in the future: use mysqli or PDO instead /var/www/shop/App/Admin/Conf/config.php 第 18 行.
NOTIC: [2] mysql_get_server_info(): Access denied for user 'www'@'localhost' (using password: NO) /var/www/shop/App/Admin/Conf/config.php 第 18 行.
NOTIC: [2] mysql_get_server_info(): A link to the server could not be established /var/www/shop/App/Admin/Conf/config.php 第 18 行.
INFO: [ app_begin ] --START--
INFO: Run Behavior\ReadHtmlCacheBehavior [ RunTime:0.000390s ]
INFO: [ app_begin ] --END-- [ RunTime:0.000433s ]
ERR: 无法加载控制器:'+b.content[0]+'

[ 2015-11-14T13:28:09+08:00 ] 119.2.14.179 /index.php/Role/index.html
INFO: [ app_init ] --START--
INFO: Run Behavior\BuildLiteBehavior [ RunTime:0.000015s ]
INFO: [ app_init ] --END-- [ RunTime:0.000310s ]
NOTIC: [8192] mysql_get_server_info(): The mysql extension is deprecated and will be removed in the future: use mysqli or PDO instead /var/www/shop/App/Admin/Conf/config.php 第 18 行.
NOTIC: [2] mysql_get_server_info(): Access denied for user 'www'@'localhost' (using password: NO) /var/www/shop/App/Admin/Conf/config.php 第 18 行.
NOTIC: [2] mysql_get_server_info(): A link to the server could not be established /var/www/shop/App/Admin/Conf/config.php 第 18 行.
INFO: [ app_begin ] --START--
INFO: Run Behavior\ReadHtmlCacheBehavior [ RunTime:0.000367s ]
INFO: [ app_begin ] --END-- [ RunTime:0.000411s ]
SQL: SHOW COLUMNS FROM `hx_node` [ RunTime:0.0010s ]
SQL: SHOW COLUMNS FROM `hx_admin` [ RunTime:0.0008s ]
SQL: SELECT n.name,n.title,n.id,n.pid,n.icon FROM hx_admin a  left join hx_role r on r.id=a.role_id  left join hx_access ac on ac.role_id=r.id  left join hx_node n on n.id=ac.node_id  WHERE n.status = '开启' AND a.id = '1' ORDER BY n.sort  [ RunTime:0.0009s ]
SQL: SELECT n.name,n.title,n.id,n.pid,n.icon FROM hx_admin a  left join hx_role r on r.id=a.role_id  left join hx_access ac on ac.role_id=r.id  left join hx_node n on n.id=ac.node_id  WHERE n.status = '开启' AND a.id = '1' ORDER BY n.sort  [ RunTime:0.0007s ]
SQL: SHOW COLUMNS FROM `hx_node` [ RunTime:0.0007s ]
SQL: SELECT `pid` FROM `hx_node` WHERE `name` = 'Role' LIMIT 1   [ RunTime:0.0003s ]
NOTIC: [2] Missing argument 1 for Admin\Model\NodeModel::getMenu(), called in /var/www/shop/App/Admin/Controller/BaseController.class.php on line 32 and defined /var/www/shop/App/Admin/Model/NodeModel.class.php 第 29 行.
NOTIC: [8] Undefined variable: id /var/www/shop/App/Admin/Model/NodeModel.class.php 第 32 行.
SQL: SELECT n.name,n.title,n.id,n.pid,n.icon FROM hx_admin a  left join hx_role r on r.id=a.role_id  left join hx_access ac on ac.role_id=r.id  left join hx_node n on n.id=ac.node_id  WHERE n.status = '开启' AND n.type = '是' AND a.id = null ORDER BY n.sort  [ RunTime:0.0003s ]
SQL: SHOW COLUMNS FROM `hx_role` [ RunTime:0.0006s ]
SQL: SHOW COLUMNS FROM `hx_node` [ RunTime:0.0007s ]
SQL: SHOW COLUMNS FROM `hx_access` [ RunTime:0.0006s ]
SQL: SELECT COUNT(*) AS tp_count FROM `hx_role` LIMIT 1   [ RunTime:0.0002s ]
SQL: SELECT * FROM `hx_role` ORDER BY `sort`,`id` desc LIMIT 0,15   [ RunTime:0.0003s ]
INFO: [ view_parse ] --START--
INFO: [ template_filter ] --START--
INFO: Run Behavior\ContentReplaceBehavior [ RunTime:0.000147s ]
INFO: [ template_filter ] --END-- [ RunTime:0.000210s ]
NOTIC: [8] Use of undefined constant id - assumed 'id' /var/www/shop/Runtime/Cache/Admin/a0a7524eab22c3693baad75fbdbe707e.php 第 423 行.
NOTIC: [8] Use of undefined constant id - assumed 'id' /var/www/shop/Runtime/Cache/Admin/a0a7524eab22c3693baad75fbdbe707e.php 第 423 行.
NOTIC: [8] Use of undefined constant id - assumed 'id' /var/www/shop/Runtime/Cache/Admin/a0a7524eab22c3693baad75fbdbe707e.php 第 423 行.
INFO: Run Behavior\ParseTemplateBehavior [ RunTime:0.029371s ]
INFO: [ view_parse ] --END-- [ RunTime:0.029422s ]
INFO: [ view_filter ] --START--
INFO: Run Behavior\WriteHtmlCacheBehavior [ RunTime:0.000124s ]
INFO: [ view_filter ] --END-- [ RunTime:0.000189s ]
INFO: [ app_end ] --START--
INFO: Run Behavior\ShowPageTraceBehavior [ RunTime:0.000400s ]
INFO: [ app_end ] --END-- [ RunTime:0.000448s ]

[ 2015-11-14T13:28:10+08:00 ] 119.2.14.179 /index.php/AdminUser/index.html
INFO: [ app_init ] --START--
INFO: Run Behavior\BuildLiteBehavior [ RunTime:0.000014s ]
INFO: [ app_init ] --END-- [ RunTime:0.000283s ]
NOTIC: [8192] mysql_get_server_info(): The mysql extension is deprecated and will be removed in the future: use mysqli or PDO instead /var/www/shop/App/Admin/Conf/config.php 第 18 行.
NOTIC: [2] mysql_get_server_info(): Access denied for user 'www'@'localhost' (using password: NO) /var/www/shop/App/Admin/Conf/config.php 第 18 行.
NOTIC: [2] mysql_get_server_info(): A link to the server could not be established /var/www/shop/App/Admin/Conf/config.php 第 18 行.
INFO: [ app_begin ] --START--
INFO: Run Behavior\ReadHtmlCacheBehavior [ RunTime:0.000416s ]
INFO: [ app_begin ] --END-- [ RunTime:0.000460s ]
SQL: SHOW COLUMNS FROM `hx_node` [ RunTime:0.0010s ]
SQL: SHOW COLUMNS FROM `hx_admin` [ RunTime:0.0007s ]
SQL: SELECT n.name,n.title,n.id,n.pid,n.icon FROM hx_admin a  left join hx_role r on r.id=a.role_id  left join hx_access ac on ac.role_id=r.id  left join hx_node n on n.id=ac.node_id  WHERE n.status = '开启' AND a.id = '1' ORDER BY n.sort  [ RunTime:0.0009s ]
SQL: SELECT n.name,n.title,n.id,n.pid,n.icon FROM hx_admin a  left join hx_role r on r.id=a.role_id  left join hx_access ac on ac.role_id=r.id  left join hx_node n on n.id=ac.node_id  WHERE n.status = '开启' AND a.id = '1' ORDER BY n.sort  [ RunTime:0.0007s ]
SQL: SHOW COLUMNS FROM `hx_node` [ RunTime:0.0008s ]
SQL: SELECT `pid` FROM `hx_node` WHERE `name` = 'AdminUser' LIMIT 1   [ RunTime:0.0003s ]
NOTIC: [2] Missing argument 1 for Admin\Model\NodeModel::getMenu(), called in /var/www/shop/App/Admin/Controller/BaseController.class.php on line 32 and defined /var/www/shop/App/Admin/Model/NodeModel.class.php 第 29 行.
NOTIC: [8] Undefined variable: id /var/www/shop/App/Admin/Model/NodeModel.class.php 第 32 行.
SQL: SELECT n.name,n.title,n.id,n.pid,n.icon FROM hx_admin a  left join hx_role r on r.id=a.role_id  left join hx_access ac on ac.role_id=r.id  left join hx_node n on n.id=ac.node_id  WHERE n.status = '开启' AND n.type = '是' AND a.id = null ORDER BY n.sort  [ RunTime:0.0003s ]
SQL: SHOW COLUMNS FROM `hx_role` [ RunTime:0.0007s ]
SQL: SELECT COUNT(*) AS tp_count FROM `hx_admin` LIMIT 1   [ RunTime:0.0002s ]
SQL: SELECT * FROM `hx_admin` ORDER BY `sort`,`id` desc LIMIT 0,15   [ RunTime:0.0003s ]
SQL: SELECT `name` FROM `hx_role` WHERE `id` = 1 LIMIT 1   [ RunTime:0.0002s ]
SQL: SELECT `name` FROM `hx_role` WHERE `id` = 1 LIMIT 1   [ RunTime:0.0002s ]
SQL: SELECT `name` FROM `hx_role` WHERE `id` = 7 LIMIT 1   [ RunTime:0.0002s ]
INFO: [ view_parse ] --START--
INFO: [ template_filter ] --START--
INFO: Run Behavior\ContentReplaceBehavior [ RunTime:0.000084s ]
INFO: [ template_filter ] --END-- [ RunTime:0.000133s ]
NOTIC: [8] Use of undefined constant id - assumed 'id' /var/www/shop/Runtime/Cache/Admin/3978959a548ca82a531c0bbb94f92175.php 第 431 行.
NOTIC: [8] Use of undefined constant id - assumed 'id' /var/www/shop/Runtime/Cache/Admin/3978959a548ca82a531c0bbb94f92175.php 第 431 行.
NOTIC: [8] Use of undefined constant id - assumed 'id' /var/www/shop/Runtime/Cache/Admin/3978959a548ca82a531c0bbb94f92175.php 第 431 行.
INFO: Run Behavior\ParseTemplateBehavior [ RunTime:0.025155s ]
INFO: [ view_parse ] --END-- [ RunTime:0.025199s ]
INFO: [ view_filter ] --START--
INFO: Run Behavior\WriteHtmlCacheBehavior [ RunTime:0.000124s ]
INFO: [ view_filter ] --END-- [ RunTime:0.000162s ]
INFO: [ app_end ] --START--
INFO: Run Behavior\ShowPageTraceBehavior [ RunTime:0.000395s ]
INFO: [ app_end ] --END-- [ RunTime:0.000442s ]

[ 2015-11-14T13:28:14+08:00 ] 119.2.14.179 /index.php/Node/index.html
INFO: [ app_init ] --START--
INFO: Run Behavior\BuildLiteBehavior [ RunTime:0.000013s ]
INFO: [ app_init ] --END-- [ RunTime:0.000281s ]
NOTIC: [8192] mysql_get_server_info(): The mysql extension is deprecated and will be removed in the future: use mysqli or PDO instead /var/www/shop/App/Admin/Conf/config.php 第 18 行.
NOTIC: [2] mysql_get_server_info(): Access denied for user 'www'@'localhost' (using password: NO) /var/www/shop/App/Admin/Conf/config.php 第 18 行.
NOTIC: [2] mysql_get_server_info(): A link to the server could not be established /var/www/shop/App/Admin/Conf/config.php 第 18 行.
INFO: [ app_begin ] --START--
INFO: Run Behavior\ReadHtmlCacheBehavior [ RunTime:0.000375s ]
INFO: [ app_begin ] --END-- [ RunTime:0.000419s ]
SQL: SHOW COLUMNS FROM `hx_node` [ RunTime:0.0010s ]
SQL: SHOW COLUMNS FROM `hx_admin` [ RunTime:0.0007s ]
SQL: SELECT n.name,n.title,n.id,n.pid,n.icon FROM hx_admin a  left join hx_role r on r.id=a.role_id  left join hx_access ac on ac.role_id=r.id  left join hx_node n on n.id=ac.node_id  WHERE n.status = '开启' AND a.id = '1' ORDER BY n.sort  [ RunTime:0.0009s ]
SQL: SELECT n.name,n.title,n.id,n.pid,n.icon FROM hx_admin a  left join hx_role r on r.id=a.role_id  left join hx_access ac on ac.role_id=r.id  left join hx_node n on n.id=ac.node_id  WHERE n.status = '开启' AND a.id = '1' ORDER BY n.sort  [ RunTime:0.0008s ]
SQL: SHOW COLUMNS FROM `hx_node` [ RunTime:0.0008s ]
SQL: SELECT `pid` FROM `hx_node` WHERE `name` = 'Node' LIMIT 1   [ RunTime:0.0003s ]
NOTIC: [2] Missing argument 1 for Admin\Model\NodeModel::getMenu(), called in /var/www/shop/App/Admin/Controller/BaseController.class.php on line 32 and defined /var/www/shop/App/Admin/Model/NodeModel.class.php 第 29 行.
NOTIC: [8] Undefined variable: id /var/www/shop/App/Admin/Model/NodeModel.class.php 第 32 行.
SQL: SELECT n.name,n.title,n.id,n.pid,n.icon FROM hx_admin a  left join hx_role r on r.id=a.role_id  left join hx_access ac on ac.role_id=r.id  left join hx_node n on n.id=ac.node_id  WHERE n.status = '开启' AND n.type = '是' AND a.id = null ORDER BY n.sort  [ RunTime:0.0003s ]
SQL: SHOW COLUMNS FROM `hx_node` [ RunTime:0.0008s ]
SQL: SELECT * FROM `hx_node` ORDER BY `sort`,`id` desc  [ RunTime:0.0004s ]
INFO: [ view_parse ] --START--
INFO: [ template_filter ] --START--
INFO: Run Behavior\ContentReplaceBehavior [ RunTime:0.000084s ]
INFO: [ template_filter ] --END-- [ RunTime:0.000129s ]
NOTIC: [8] Use of undefined constant id - assumed 'id' /var/www/shop/Runtime/Cache/Admin/f5d9020a722c182cb3cb2a19ed19b4d3.php 第 391 行.
NOTIC: [8] Use of undefined constant id - assumed 'id' /var/www/shop/Runtime/Cache/Admin/f5d9020a722c182cb3cb2a19ed19b4d3.php 第 394 行.
NOTIC: [8] Use of undefined constant id - assumed 'id' /var/www/shop/Runtime/Cache/Admin/f5d9020a722c182cb3cb2a19ed19b4d3.php 第 395 行.
NOTIC: [8] Use of undefined constant id - assumed 'id' /var/www/shop/Runtime/Cache/Admin/f5d9020a722c182cb3cb2a19ed19b4d3.php 第 395 行.
NOTIC: [8] Use of undefined constant id - assumed 'id' /var/www/shop/Runtime/Cache/Admin/f5d9020a722c182cb3cb2a19ed19b4d3.php 第 395 行.
NOTIC: [8] Use of undefined constant id - assumed 'id' /var/www/shop/Runtime/Cache/Admin/f5d9020a722c182cb3cb2a19ed19b4d3.php 第 395 行.
NOTIC: [8] Use of undefined constant id - assumed 'id' /var/www/shop/Runtime/Cache/Admin/f5d9020a722c182cb3cb2a19ed19b4d3.php 第 394 行.
NOTIC: [8] Use of undefined constant id - assumed 'id' /var/www/shop/Runtime/Cache/Admin/f5d9020a722c182cb3cb2a19ed19b4d3.php 第 395 行.
NOTIC: [8] Use of undefined constant id - assumed 'id' /var/www/shop/Runtime/Cache/Admin/f5d9020a722c182cb3cb2a19ed19b4d3.php 第 395 行.
NOTIC: [8] Use of undefined constant id - assumed 'id' /var/www/shop/Runtime/Cache/Admin/f5d9020a722c182cb3cb2a19ed19b4d3.php 第 395 行.
NOTIC: [8] Use of undefined constant id - assumed 'id' /var/www/shop/Runtime/Cache/Admin/f5d9020a722c182cb3cb2a19ed19b4d3.php 第 395 行.
NOTIC: [8] Use of undefined constant id - assumed 'id' /var/www/shop/Runtime/Cache/Admin/f5d9020a722c182cb3cb2a19ed19b4d3.php 第 394 行.
NOTIC: [8] Use of undefined constant id - assumed 'id' /var/www/shop/Runtime/Cache/Admin/f5d9020a722c182cb3cb2a19ed19b4d3.php 第 395 行.
NOTIC: [8] Use of undefined constant id - assumed 'id' /var/www/shop/Runtime/Cache/Admin/f5d9020a722c182cb3cb2a19ed19b4d3.php 第 395 行.
NOTIC: [8] Use of undefined constant id - assumed 'id' /var/www/shop/Runtime/Cache/Admin/f5d9020a722c182cb3cb2a19ed19b4d3.php 第 394 行.
NOTIC: [8] Use of undefined constant id - assumed 'id' /var/www/shop/Runtime/Cache/Admin/f5d9020a722c182cb3cb2a19ed19b4d3.php 第 395 行.
NOTIC: [8] Use of undefined constant id - assumed 'id' /var/www/shop/Runtime/Cache/Admin/f5d9020a722c182cb3cb2a19ed19b4d3.php 第 395 行.
NOTIC: [8] Use of undefined constant id - assumed 'id' /var/www/shop/Runtime/Cache/Admin/f5d9020a722c182cb3cb2a19ed19b4d3.php 第 395 行.
NOTIC: [8] Use of undefined constant id - assumed 'id' /var/www/shop/Runtime/Cache/Admin/f5d9020a722c182cb3cb2a19ed19b4d3.php 第 391 行.
NOTIC: [8] Use of undefined constant id - assumed 'id' /var/www/shop/Runtime/Cache/Admin/f5d9020a722c182cb3cb2a19ed19b4d3.php 第 394 行.
NOTIC: [8] Use of undefined constant id - assumed 'id' /var/www/shop/Runtime/Cache/Admin/f5d9020a722c182cb3cb2a19ed19b4d3.php 第 395 行.
NOTIC: [8] Use of undefined constant id - assumed 'id' /var/www/shop/Runtime/Cache/Admin/f5d9020a722c182cb3cb2a19ed19b4d3.php 第 395 行.
NOTIC: [8] Use of undefined constant id - assumed 'id' /var/www/shop/Runtime/Cache/Admin/f5d9020a722c182cb3cb2a19ed19b4d3.php 第 395 行.
NOTIC: [8] Use of undefined constant id - assumed 'id' /var/www/shop/Runtime/Cache/Admin/f5d9020a722c182cb3cb2a19ed19b4d3.php 第 391 行.
NOTIC: [8] Use of undefined constant id - assumed 'id' /var/www/shop/Runtime/Cache/Admin/f5d9020a722c182cb3cb2a19ed19b4d3.php 第 394 行.
NOTIC: [8] Use of undefined constant id - assumed 'id' /var/www/shop/Runtime/Cache/Admin/f5d9020a722c182cb3cb2a19ed19b4d3.php 第 395 行.
NOTIC: [8] Use of undefined constant id - assumed 'id' /var/www/shop/Runtime/Cache/Admin/f5d9020a722c182cb3cb2a19ed19b4d3.php 第 395 行.
NOTIC: [8] Use of undefined constant id - assumed 'id' /var/www/shop/Runtime/Cache/Admin/f5d9020a722c182cb3cb2a19ed19b4d3.php 第 395 行.
NOTIC: [8] Use of undefined constant id - assumed 'id' /var/www/shop/Runtime/Cache/Admin/f5d9020a722c182cb3cb2a19ed19b4d3.php 第 395 行.
NOTIC: [8] Use of undefined constant id - assumed 'id' /var/www/shop/Runtime/Cache/Admin/f5d9020a722c182cb3cb2a19ed19b4d3.php 第 394 行.
NOTIC: [8] Use of undefined constant id - assumed 'id' /var/www/shop/Runtime/Cache/Admin/f5d9020a722c182cb3cb2a19ed19b4d3.php 第 395 行.
NOTIC: [8] Use of undefined constant id - assumed 'id' /var/www/shop/Runtime/Cache/Admin/f5d9020a722c182cb3cb2a19ed19b4d3.php 第 395 行.
NOTIC: [8] Use of undefined constant id - assumed 'id' /var/www/shop/Runtime/Cache/Admin/f5d9020a722c182cb3cb2a19ed19b4d3.php 第 395 行.
NOTIC: [8] Use of undefined constant id - assumed 'id' /var/www/shop/Runtime/Cache/Admin/f5d9020a722c182cb3cb2a19ed19b4d3.php 第 395 行.
NOTIC: [8] Use of undefined constant id - assumed 'id' /var/www/shop/Runtime/Cache/Admin/f5d9020a722c182cb3cb2a19ed19b4d3.php 第 395 行.
NOTIC: [8] Use of undefined constant id - assumed 'id' /var/www/shop/Runtime/Cache/Admin/f5d9020a722c182cb3cb2a19ed19b4d3.php 第 394 行.
NOTIC: [8] Use of undefined constant id - assumed 'id' /var/www/shop/Runtime/Cache/Admin/f5d9020a722c182cb3cb2a19ed19b4d3.php 第 395 行.
NOTIC: [8] Use of undefined constant id - assumed 'id' /var/www/shop/Runtime/Cache/Admin/f5d9020a722c182cb3cb2a19ed19b4d3.php 第 395 行.
NOTIC: [8] Use of undefined constant id - assumed 'id' /var/www/shop/Runtime/Cache/Admin/f5d9020a722c182cb3cb2a19ed19b4d3.php 第 395 行.
NOTIC: [8] Use of undefined constant id - assumed 'id' /var/www/shop/Runtime/Cache/Admin/f5d9020a722c182cb3cb2a19ed19b4d3.php 第 395 行.
NOTIC: [8] Use of undefined constant id - assumed 'id' /var/www/shop/Runtime/Cache/Admin/f5d9020a722c182cb3cb2a19ed19b4d3.php 第 391 行.
NOTIC: [8] Use of undefined constant id - assumed 'id' /var/www/shop/Runtime/Cache/Admin/f5d9020a722c182cb3cb2a19ed19b4d3.php 第 394 行.
NOTIC: [8] Use of undefined constant id - assumed 'id' /var/www/shop/Runtime/Cache/Admin/f5d9020a722c182cb3cb2a19ed19b4d3.php 第 395 行.
NOTIC: [8] Use of undefined constant id - assumed 'id' /var/www/shop/Runtime/Cache/Admin/f5d9020a722c182cb3cb2a19ed19b4d3.php 第 395 行.
NOTIC: [8] Use of undefined constant id - assumed 'id' /var/www/shop/Runtime/Cache/Admin/f5d9020a722c182cb3cb2a19ed19b4d3.php 第 395 行.
NOTIC: [8] Use of undefined constant id - assumed 'id' /var/www/shop/Runtime/Cache/Admin/f5d9020a722c182cb3cb2a19ed19b4d3.php 第 395 行.
NOTIC: [8] Use of undefined constant id - assumed 'id' /var/www/shop/Runtime/Cache/Admin/f5d9020a722c182cb3cb2a19ed19b4d3.php 第 394 行.
NOTIC: [8] Use of undefined constant id - assumed 'id' /var/www/shop/Runtime/Cache/Admin/f5d9020a722c182cb3cb2a19ed19b4d3.php 第 395 行.
NOTIC: [8] Use of undefined constant id - assumed 'id' /var/www/shop/Runtime/Cache/Admin/f5d9020a722c182cb3cb2a19ed19b4d3.php 第 395 行.
NOTIC: [8] Use of undefined constant id - assumed 'id' /var/www/shop/Runtime/Cache/Admin/f5d9020a722c182cb3cb2a19ed19b4d3.php 第 395 行.
NOTIC: [8] Use of undefined constant id - assumed 'id' /var/www/shop/Runtime/Cache/Admin/f5d9020a722c182cb3cb2a19ed19b4d3.php 第 395 行.
NOTIC: [8] Use of undefined constant id - assumed 'id' /var/www/shop/Runtime/Cache/Admin/f5d9020a722c182cb3cb2a19ed19b4d3.php 第 391 行.
NOTIC: [8] Use of undefined constant id - assumed 'id' /var/www/shop/Runtime/Cache/Admin/f5d9020a722c182cb3cb2a19ed19b4d3.php 第 394 行.
NOTIC: [8] Use of undefined constant id - assumed 'id' /var/www/shop/Runtime/Cache/Admin/f5d9020a722c182cb3cb2a19ed19b4d3.php 第 395 行.
NOTIC: [8] Use of undefined constant id - assumed 'id' /var/www/shop/Runtime/Cache/Admin/f5d9020a722c182cb3cb2a19ed19b4d3.php 第 395 行.
NOTIC: [8] Use of undefined constant id - assumed 'id' /var/www/shop/Runtime/Cache/Admin/f5d9020a722c182cb3cb2a19ed19b4d3.php 第 395 行.
NOTIC: [8] Use of undefined constant id - assumed 'id' /var/www/shop/Runtime/Cache/Admin/f5d9020a722c182cb3cb2a19ed19b4d3.php 第 395 行.
NOTIC: [8] Use of undefined constant id - assumed 'id' /var/www/shop/Runtime/Cache/Admin/f5d9020a722c182cb3cb2a19ed19b4d3.php 第 391 行.
NOTIC: [8] Use of undefined constant id - assumed 'id' /var/www/shop/Runtime/Cache/Admin/f5d9020a722c182cb3cb2a19ed19b4d3.php 第 394 行.
NOTIC: [8] Use of undefined constant id - assumed 'id' /var/www/shop/Runtime/Cache/Admin/f5d9020a722c182cb3cb2a19ed19b4d3.php 第 395 行.
NOTIC: [8] Use of undefined constant id - assumed 'id' /var/www/shop/Runtime/Cache/Admin/f5d9020a722c182cb3cb2a19ed19b4d3.php 第 394 行.
NOTIC: [8] Use of undefined constant id - assumed 'id' /var/www/shop/Runtime/Cache/Admin/f5d9020a722c182cb3cb2a19ed19b4d3.php 第 395 行.
NOTIC: [8] Use of undefined constant id - assumed 'id' /var/www/shop/Runtime/Cache/Admin/f5d9020a722c182cb3cb2a19ed19b4d3.php 第 395 行.
NOTIC: [8] Use of undefined constant id - assumed 'id' /var/www/shop/Runtime/Cache/Admin/f5d9020a722c182cb3cb2a19ed19b4d3.php 第 395 行.
NOTIC: [8] Use of undefined constant id - assumed 'id' /var/www/shop/Runtime/Cache/Admin/f5d9020a722c182cb3cb2a19ed19b4d3.php 第 395 行.
NOTIC: [8] Use of undefined constant id - assumed 'id' /var/www/shop/Runtime/Cache/Admin/f5d9020a722c182cb3cb2a19ed19b4d3.php 第 391 行.
NOTIC: [8] Use of undefined constant id - assumed 'id' /var/www/shop/Runtime/Cache/Admin/f5d9020a722c182cb3cb2a19ed19b4d3.php 第 394 行.
NOTIC: [8] Use of undefined constant id - assumed 'id' /var/www/shop/Runtime/Cache/Admin/f5d9020a722c182cb3cb2a19ed19b4d3.php 第 395 行.
NOTIC: [8] Use of undefined constant id - assumed 'id' /var/www/shop/Runtime/Cache/Admin/f5d9020a722c182cb3cb2a19ed19b4d3.php 第 395 行.
NOTIC: [8] Use of undefined constant id - assumed 'id' /var/www/shop/Runtime/Cache/Admin/f5d9020a722c182cb3cb2a19ed19b4d3.php 第 394 行.
NOTIC: [8] Use of undefined constant id - assumed 'id' /var/www/shop/Runtime/Cache/Admin/f5d9020a722c182cb3cb2a19ed19b4d3.php 第 395 行.
NOTIC: [8] Use of undefined constant id - assumed 'id' /var/www/shop/Runtime/Cache/Admin/f5d9020a722c182cb3cb2a19ed19b4d3.php 第 395 行.
NOTIC: [8] Use of undefined constant id - assumed 'id' /var/www/shop/Runtime/Cache/Admin/f5d9020a722c182cb3cb2a19ed19b4d3.php 第 395 行.
NOTIC: [8] Use of undefined constant id - assumed 'id' /var/www/shop/Runtime/Cache/Admin/f5d9020a722c182cb3cb2a19ed19b4d3.php 第 395 行.
NOTIC: [8] Use of undefined constant id - assumed 'id' /var/www/shop/Runtime/Cache/Admin/f5d9020a722c182cb3cb2a19ed19b4d3.php 第 394 行.
NOTIC: [8] Use of undefined constant id - assumed 'id' /var/www/shop/Runtime/Cache/Admin/f5d9020a722c182cb3cb2a19ed19b4d3.php 第 395 行.
NOTIC: [8] Use of undefined constant id - assumed 'id' /var/www/shop/Runtime/Cache/Admin/f5d9020a722c182cb3cb2a19ed19b4d3.php 第 394 行.
NOTIC: [8] Use of undefined constant id - assumed 'id' /var/www/shop/Runtime/Cache/Admin/f5d9020a722c182cb3cb2a19ed19b4d3.php 第 395 行.
INFO: Run Behavior\ParseTemplateBehavior [ RunTime:0.023592s ]
INFO: [ view_parse ] --END-- [ RunTime:0.023635s ]
INFO: [ view_filter ] --START--
INFO: Run Behavior\WriteHtmlCacheBehavior [ RunTime:0.000121s ]
INFO: [ view_filter ] --END-- [ RunTime:0.000158s ]
INFO: [ app_end ] --START--
INFO: Run Behavior\ShowPageTraceBehavior [ RunTime:0.000407s ]
INFO: [ app_end ] --END-- [ RunTime:0.000453s ]

[ 2015-11-14T13:28:15+08:00 ] 119.2.14.179 /index.php/Node/add.html
INFO: [ app_init ] --START--
INFO: Run Behavior\BuildLiteBehavior [ RunTime:0.000015s ]
INFO: [ app_init ] --END-- [ RunTime:0.000306s ]
NOTIC: [8192] mysql_get_server_info(): The mysql extension is deprecated and will be removed in the future: use mysqli or PDO instead /var/www/shop/App/Admin/Conf/config.php 第 18 行.
NOTIC: [2] mysql_get_server_info(): Access denied for user 'www'@'localhost' (using password: NO) /var/www/shop/App/Admin/Conf/config.php 第 18 行.
NOTIC: [2] mysql_get_server_info(): A link to the server could not be established /var/www/shop/App/Admin/Conf/config.php 第 18 行.
INFO: [ app_begin ] --START--
INFO: Run Behavior\ReadHtmlCacheBehavior [ RunTime:0.000395s ]
INFO: [ app_begin ] --END-- [ RunTime:0.000440s ]
SQL: SHOW COLUMNS FROM `hx_node` [ RunTime:0.0010s ]
SQL: SHOW COLUMNS FROM `hx_admin` [ RunTime:0.0008s ]
SQL: SELECT n.name,n.title,n.id,n.pid,n.icon FROM hx_admin a  left join hx_role r on r.id=a.role_id  left join hx_access ac on ac.role_id=r.id  left join hx_node n on n.id=ac.node_id  WHERE n.status = '开启' AND a.id = '1' ORDER BY n.sort  [ RunTime:0.0009s ]
SQL: SELECT n.name,n.title,n.id,n.pid,n.icon FROM hx_admin a  left join hx_role r on r.id=a.role_id  left join hx_access ac on ac.role_id=r.id  left join hx_node n on n.id=ac.node_id  WHERE n.status = '开启' AND a.id = '1' ORDER BY n.sort  [ RunTime:0.0008s ]
SQL: SHOW COLUMNS FROM `hx_node` [ RunTime:0.0008s ]
SQL: SELECT `pid` FROM `hx_node` WHERE `name` = 'Node' LIMIT 1   [ RunTime:0.0003s ]
NOTIC: [2] Missing argument 1 for Admin\Model\NodeModel::getMenu(), called in /var/www/shop/App/Admin/Controller/BaseController.class.php on line 32 and defined /var/www/shop/App/Admin/Model/NodeModel.class.php 第 29 行.
NOTIC: [8] Undefined variable: id /var/www/shop/App/Admin/Model/NodeModel.class.php 第 32 行.
SQL: SELECT n.name,n.title,n.id,n.pid,n.icon FROM hx_admin a  left join hx_role r on r.id=a.role_id  left join hx_access ac on ac.role_id=r.id  left join hx_node n on n.id=ac.node_id  WHERE n.status = '开启' AND n.type = '是' AND a.id = null ORDER BY n.sort  [ RunTime:0.0004s ]
SQL: SHOW COLUMNS FROM `hx_node` [ RunTime:0.0007s ]
SQL: SELECT * FROM `hx_node` WHERE `status` = '开启' ORDER BY `sort`,`id` desc  [ RunTime:0.0004s ]
INFO: [ view_parse ] --START--
INFO: [ template_filter ] --START--
INFO: Run Behavior\ContentReplaceBehavior [ RunTime:0.000096s ]
INFO: [ template_filter ] --END-- [ RunTime:0.000156s ]
INFO: Run Behavior\ParseTemplateBehavior [ RunTime:0.016416s ]
INFO: [ view_parse ] --END-- [ RunTime:0.016461s ]
INFO: [ view_filter ] --START--
INFO: Run Behavior\WriteHtmlCacheBehavior [ RunTime:0.000147s ]
INFO: [ view_filter ] --END-- [ RunTime:0.000198s ]
INFO: [ app_end ] --START--
INFO: Run Behavior\ShowPageTraceBehavior [ RunTime:0.000414s ]
INFO: [ app_end ] --END-- [ RunTime:0.000459s ]

