[ 2015-11-06T07:04:23+08:00 ] 121.42.0.30 /
INFO: [ app_init ] --START--
INFO: Run Behavior\BuildLiteBehavior [ RunTime:0.000014s ]
INFO: [ app_init ] --END-- [ RunTime:0.000286s ]
NOTIC: [8192] mysql_get_server_info(): The mysql extension is deprecated and will be removed in the future: use mysqli or PDO instead /var/www/shop/App/Admin/Conf/config.php 第 18 行.
NOTIC: [2] mysql_get_server_info(): Access denied for user 'www'@'localhost' (using password: NO) /var/www/shop/App/Admin/Conf/config.php 第 18 行.
NOTIC: [2] mysql_get_server_info(): A link to the server could not be established /var/www/shop/App/Admin/Conf/config.php 第 18 行.
NOTIC: [8] Undefined index: HTTP_ACCEPT_LANGUAGE /var/www/shop/App/Admin/Conf/config.php 第 19 行.
INFO: [ app_begin ] --START--
INFO: Run Behavior\ReadHtmlCacheBehavior [ RunTime:0.000396s ]
INFO: [ app_begin ] --END-- [ RunTime:0.000440s ]

[ 2015-11-06T17:38:10+08:00 ] 121.42.0.35 /
INFO: [ app_init ] --START--
INFO: Run Behavior\BuildLiteBehavior [ RunTime:0.000016s ]
INFO: [ app_init ] --END-- [ RunTime:0.000295s ]
NOTIC: [8192] mysql_get_server_info(): The mysql extension is deprecated and will be removed in the future: use mysqli or PDO instead /var/www/shop/App/Admin/Conf/config.php 第 18 行.
NOTIC: [2] mysql_get_server_info(): Access denied for user 'www'@'localhost' (using password: NO) /var/www/shop/App/Admin/Conf/config.php 第 18 行.
NOTIC: [2] mysql_get_server_info(): A link to the server could not be established /var/www/shop/App/Admin/Conf/config.php 第 18 行.
INFO: [ app_begin ] --START--
INFO: Run Behavior\ReadHtmlCacheBehavior [ RunTime:0.000411s ]
INFO: [ app_begin ] --END-- [ RunTime:0.000454s ]

