[ 2015-11-12T09:56:06+08:00 ] 119.2.14.179 /index.php/admin
INFO: [ app_init ] --START--
INFO: Run Behavior\BuildLiteBehavior [ RunTime:0.000014s ]
INFO: [ app_init ] --END-- [ RunTime:0.000312s ]
NOTIC: [8192] mysql_get_server_info(): The mysql extension is deprecated and will be removed in the future: use mysqli or PDO instead /var/www/shop/App/Admin/Conf/config.php 第 18 行.
NOTIC: [2] mysql_get_server_info(): Access denied for user 'www'@'localhost' (using password: NO) /var/www/shop/App/Admin/Conf/config.php 第 18 行.
NOTIC: [2] mysql_get_server_info(): A link to the server could not be established /var/www/shop/App/Admin/Conf/config.php 第 18 行.
INFO: [ app_begin ] --START--
INFO: Run Behavior\ReadHtmlCacheBehavior [ RunTime:0.000396s ]
INFO: [ app_begin ] --END-- [ RunTime:0.000440s ]

[ 2015-11-12T09:56:06+08:00 ] 119.2.14.179 /Login/index.html
INFO: [ app_init ] --START--
INFO: Run Behavior\BuildLiteBehavior [ RunTime:0.000015s ]
INFO: [ app_init ] --END-- [ RunTime:0.000309s ]
NOTIC: [8192] mysql_get_server_info(): The mysql extension is deprecated and will be removed in the future: use mysqli or PDO instead /var/www/shop/App/Admin/Conf/config.php 第 18 行.
NOTIC: [2] mysql_get_server_info(): Access denied for user 'www'@'localhost' (using password: NO) /var/www/shop/App/Admin/Conf/config.php 第 18 行.
NOTIC: [2] mysql_get_server_info(): A link to the server could not be established /var/www/shop/App/Admin/Conf/config.php 第 18 行.
INFO: [ app_begin ] --START--
INFO: Run Behavior\ReadHtmlCacheBehavior [ RunTime:0.000391s ]
INFO: [ app_begin ] --END-- [ RunTime:0.000433s ]
INFO: [ view_parse ] --START--
INFO: [ template_filter ] --START--
INFO: Run Behavior\ContentReplaceBehavior [ RunTime:0.000050s ]
INFO: [ template_filter ] --END-- [ RunTime:0.000118s ]
INFO: Run Behavior\ParseTemplateBehavior [ RunTime:0.006755s ]
INFO: [ view_parse ] --END-- [ RunTime:0.006796s ]
INFO: [ view_filter ] --START--
INFO: Run Behavior\WriteHtmlCacheBehavior [ RunTime:0.000126s ]
INFO: [ view_filter ] --END-- [ RunTime:0.000164s ]
INFO: [ app_end ] --START--
INFO: Run Behavior\ShowPageTraceBehavior [ RunTime:0.000446s ]
INFO: [ app_end ] --END-- [ RunTime:0.000487s ]

[ 2015-11-12T09:56:07+08:00 ] 119.2.14.179 /Login/verify.html
INFO: [ app_init ] --START--
INFO: Run Behavior\BuildLiteBehavior [ RunTime:0.000015s ]
INFO: [ app_init ] --END-- [ RunTime:0.000282s ]
NOTIC: [8192] mysql_get_server_info(): The mysql extension is deprecated and will be removed in the future: use mysqli or PDO instead /var/www/shop/App/Admin/Conf/config.php 第 18 行.
NOTIC: [2] mysql_get_server_info(): Access denied for user 'www'@'localhost' (using password: NO) /var/www/shop/App/Admin/Conf/config.php 第 18 行.
NOTIC: [2] mysql_get_server_info(): A link to the server could not be established /var/www/shop/App/Admin/Conf/config.php 第 18 行.
INFO: [ app_begin ] --START--
INFO: Run Behavior\ReadHtmlCacheBehavior [ RunTime:0.000380s ]
INFO: [ app_begin ] --END-- [ RunTime:0.000424s ]
INFO: [ app_end ] --START--
INFO: Run Behavior\ShowPageTraceBehavior [ RunTime:0.000476s ]
INFO: [ app_end ] --END-- [ RunTime:0.000533s ]

[ 2015-11-12T09:56:08+08:00 ] 119.2.14.179 /favicon.ico
INFO: [ app_init ] --START--
INFO: Run Behavior\BuildLiteBehavior [ RunTime:0.000015s ]
INFO: [ app_init ] --END-- [ RunTime:0.000286s ]
NOTIC: [8192] mysql_get_server_info(): The mysql extension is deprecated and will be removed in the future: use mysqli or PDO instead /var/www/shop/App/Admin/Conf/config.php 第 18 行.
NOTIC: [2] mysql_get_server_info(): Access denied for user 'www'@'localhost' (using password: NO) /var/www/shop/App/Admin/Conf/config.php 第 18 行.
NOTIC: [2] mysql_get_server_info(): A link to the server could not be established /var/www/shop/App/Admin/Conf/config.php 第 18 行.

[ 2015-11-12T09:56:36+08:00 ] 119.2.14.179 /Login/relogin.html
INFO: [ app_init ] --START--
INFO: Run Behavior\BuildLiteBehavior [ RunTime:0.000015s ]
INFO: [ app_init ] --END-- [ RunTime:0.000277s ]
NOTIC: [8192] mysql_get_server_info(): The mysql extension is deprecated and will be removed in the future: use mysqli or PDO instead /var/www/shop/App/Admin/Conf/config.php 第 18 行.
NOTIC: [2] mysql_get_server_info(): Access denied for user 'www'@'localhost' (using password: NO) /var/www/shop/App/Admin/Conf/config.php 第 18 行.
NOTIC: [2] mysql_get_server_info(): A link to the server could not be established /var/www/shop/App/Admin/Conf/config.php 第 18 行.
INFO: [ app_begin ] --START--
INFO: Run Behavior\ReadHtmlCacheBehavior [ RunTime:0.000362s ]
INFO: [ app_begin ] --END-- [ RunTime:0.000405s ]

[ 2015-11-12T09:56:43+08:00 ] 119.2.14.179 /Login/relogin.html
INFO: [ app_init ] --START--
INFO: Run Behavior\BuildLiteBehavior [ RunTime:0.000014s ]
INFO: [ app_init ] --END-- [ RunTime:0.000280s ]
NOTIC: [8192] mysql_get_server_info(): The mysql extension is deprecated and will be removed in the future: use mysqli or PDO instead /var/www/shop/App/Admin/Conf/config.php 第 18 行.
NOTIC: [2] mysql_get_server_info(): Access denied for user 'www'@'localhost' (using password: NO) /var/www/shop/App/Admin/Conf/config.php 第 18 行.
NOTIC: [2] mysql_get_server_info(): A link to the server could not be established /var/www/shop/App/Admin/Conf/config.php 第 18 行.
INFO: [ app_begin ] --START--
INFO: Run Behavior\ReadHtmlCacheBehavior [ RunTime:0.000352s ]
INFO: [ app_begin ] --END-- [ RunTime:0.000397s ]
SQL: SHOW COLUMNS FROM `hx_admin` [ RunTime:0.0010s ]
SQL: SELECT * FROM `hx_admin` WHERE `username` = 'admin' AND `password` = 'e10adc3949ba59abbe56e057f20f883e' LIMIT 1   [ RunTime:0.0003s ]
SQL: UPDATE `hx_admin` SET `logintime`='1447293403',`loginip`='119.2.14.179' WHERE `id` = 1 [ RunTime:0.0003s ]

[ 2015-11-12T09:56:43+08:00 ] 119.2.14.179 /Index/index.html
INFO: [ app_init ] --START--
INFO: Run Behavior\BuildLiteBehavior [ RunTime:0.000017s ]
INFO: [ app_init ] --END-- [ RunTime:0.000308s ]
NOTIC: [8192] mysql_get_server_info(): The mysql extension is deprecated and will be removed in the future: use mysqli or PDO instead /var/www/shop/App/Admin/Conf/config.php 第 18 行.
NOTIC: [2] mysql_get_server_info(): Access denied for user 'www'@'localhost' (using password: NO) /var/www/shop/App/Admin/Conf/config.php 第 18 行.
NOTIC: [2] mysql_get_server_info(): A link to the server could not be established /var/www/shop/App/Admin/Conf/config.php 第 18 行.
INFO: [ app_begin ] --START--
INFO: Run Behavior\ReadHtmlCacheBehavior [ RunTime:0.000398s ]
INFO: [ app_begin ] --END-- [ RunTime:0.000442s ]
SQL: SHOW COLUMNS FROM `hx_node` [ RunTime:0.0011s ]
SQL: SHOW COLUMNS FROM `hx_admin` [ RunTime:0.0008s ]
SQL: SELECT n.name,n.title,n.id,n.pid,n.icon FROM hx_admin a  left join hx_role r on r.id=a.role_id  left join hx_access ac on ac.role_id=r.id  left join hx_node n on n.id=ac.node_id  WHERE n.status = '开启' AND a.id = '1' ORDER BY n.sort  [ RunTime:0.0009s ]
SQL: SELECT n.name,n.title,n.id,n.pid,n.icon FROM hx_admin a  left join hx_role r on r.id=a.role_id  left join hx_access ac on ac.role_id=r.id  left join hx_node n on n.id=ac.node_id  WHERE n.status = '开启' AND a.id = '1' ORDER BY n.sort  [ RunTime:0.0007s ]
SQL: SHOW COLUMNS FROM `hx_node` [ RunTime:0.0008s ]
SQL: SELECT `pid` FROM `hx_node` WHERE `name` = 'Index' LIMIT 1   [ RunTime:0.0003s ]
NOTIC: [2] Missing argument 1 for Admin\Model\NodeModel::getMenu(), called in /var/www/shop/App/Admin/Controller/BaseController.class.php on line 32 and defined /var/www/shop/App/Admin/Model/NodeModel.class.php 第 29 行.
NOTIC: [8] Undefined variable: id /var/www/shop/App/Admin/Model/NodeModel.class.php 第 32 行.
SQL: SELECT n.name,n.title,n.id,n.pid,n.icon FROM hx_admin a  left join hx_role r on r.id=a.role_id  left join hx_access ac on ac.role_id=r.id  left join hx_node n on n.id=ac.node_id  WHERE n.status = '开启' AND n.type = '是' AND a.id = null ORDER BY n.sort  [ RunTime:0.0003s ]
INFO: [ view_parse ] --START--
INFO: [ template_filter ] --START--
INFO: Run Behavior\ContentReplaceBehavior [ RunTime:0.000084s ]
INFO: [ template_filter ] --END-- [ RunTime:0.000130s ]
INFO: Run Behavior\ParseTemplateBehavior [ RunTime:0.013703s ]
INFO: [ view_parse ] --END-- [ RunTime:0.013749s ]
INFO: [ view_filter ] --START--
INFO: Run Behavior\WriteHtmlCacheBehavior [ RunTime:0.000120s ]
INFO: [ view_filter ] --END-- [ RunTime:0.000157s ]
INFO: [ app_end ] --START--
INFO: Run Behavior\ShowPageTraceBehavior [ RunTime:0.000396s ]
INFO: [ app_end ] --END-- [ RunTime:0.000443s ]

[ 2015-11-12T09:56:47+08:00 ] 119.2.14.179 /Article/index.html
INFO: [ app_init ] --START--
INFO: Run Behavior\BuildLiteBehavior [ RunTime:0.000015s ]
INFO: [ app_init ] --END-- [ RunTime:0.000307s ]
NOTIC: [8192] mysql_get_server_info(): The mysql extension is deprecated and will be removed in the future: use mysqli or PDO instead /var/www/shop/App/Admin/Conf/config.php 第 18 行.
NOTIC: [2] mysql_get_server_info(): Access denied for user 'www'@'localhost' (using password: NO) /var/www/shop/App/Admin/Conf/config.php 第 18 行.
NOTIC: [2] mysql_get_server_info(): A link to the server could not be established /var/www/shop/App/Admin/Conf/config.php 第 18 行.
INFO: [ app_begin ] --START--
INFO: Run Behavior\ReadHtmlCacheBehavior [ RunTime:0.000576s ]
INFO: [ app_begin ] --END-- [ RunTime:0.000652s ]
SQL: SHOW COLUMNS FROM `hx_node` [ RunTime:0.0010s ]
SQL: SHOW COLUMNS FROM `hx_admin` [ RunTime:0.0008s ]
SQL: SELECT n.name,n.title,n.id,n.pid,n.icon FROM hx_admin a  left join hx_role r on r.id=a.role_id  left join hx_access ac on ac.role_id=r.id  left join hx_node n on n.id=ac.node_id  WHERE n.status = '开启' AND a.id = '1' ORDER BY n.sort  [ RunTime:0.0010s ]
SQL: SELECT n.name,n.title,n.id,n.pid,n.icon FROM hx_admin a  left join hx_role r on r.id=a.role_id  left join hx_access ac on ac.role_id=r.id  left join hx_node n on n.id=ac.node_id  WHERE n.status = '开启' AND a.id = '1' ORDER BY n.sort  [ RunTime:0.0007s ]
SQL: SHOW COLUMNS FROM `hx_node` [ RunTime:0.0009s ]
SQL: SELECT `pid` FROM `hx_node` WHERE `name` = 'Article' LIMIT 1   [ RunTime:0.0003s ]
NOTIC: [2] Missing argument 1 for Admin\Model\NodeModel::getMenu(), called in /var/www/shop/App/Admin/Controller/BaseController.class.php on line 32 and defined /var/www/shop/App/Admin/Model/NodeModel.class.php 第 29 行.
NOTIC: [8] Undefined variable: id /var/www/shop/App/Admin/Model/NodeModel.class.php 第 32 行.
SQL: SELECT n.name,n.title,n.id,n.pid,n.icon FROM hx_admin a  left join hx_role r on r.id=a.role_id  left join hx_access ac on ac.role_id=r.id  left join hx_node n on n.id=ac.node_id  WHERE n.status = '开启' AND n.type = '是' AND a.id = null ORDER BY n.sort  [ RunTime:0.0003s ]
SQL: SHOW COLUMNS FROM `hx_article` [ RunTime:0.0008s ]
SQL: SHOW COLUMNS FROM `hx_cate` [ RunTime:0.0006s ]

[ 2015-11-12T09:57:19+08:00 ] 119.2.14.179 /Article/index.html
INFO: [ app_init ] --START--
INFO: Run Behavior\BuildLiteBehavior [ RunTime:0.000021s ]
INFO: [ app_init ] --END-- [ RunTime:0.000315s ]
NOTIC: [8192] mysql_get_server_info(): The mysql extension is deprecated and will be removed in the future: use mysqli or PDO instead /var/www/shop/App/Admin/Conf/config.php 第 18 行.
NOTIC: [2] mysql_get_server_info(): Access denied for user 'www'@'localhost' (using password: NO) /var/www/shop/App/Admin/Conf/config.php 第 18 行.
NOTIC: [2] mysql_get_server_info(): A link to the server could not be established /var/www/shop/App/Admin/Conf/config.php 第 18 行.
INFO: [ app_begin ] --START--
INFO: Run Behavior\ReadHtmlCacheBehavior [ RunTime:0.000370s ]
INFO: [ app_begin ] --END-- [ RunTime:0.000413s ]
SQL: SHOW COLUMNS FROM `hx_node` [ RunTime:0.0013s ]
SQL: SHOW COLUMNS FROM `hx_admin` [ RunTime:0.0007s ]
SQL: SELECT n.name,n.title,n.id,n.pid,n.icon FROM hx_admin a  left join hx_role r on r.id=a.role_id  left join hx_access ac on ac.role_id=r.id  left join hx_node n on n.id=ac.node_id  WHERE n.status = '开启' AND a.id = '1' ORDER BY n.sort  [ RunTime:0.0009s ]
SQL: SELECT n.name,n.title,n.id,n.pid,n.icon FROM hx_admin a  left join hx_role r on r.id=a.role_id  left join hx_access ac on ac.role_id=r.id  left join hx_node n on n.id=ac.node_id  WHERE n.status = '开启' AND a.id = '1' ORDER BY n.sort  [ RunTime:0.0007s ]
SQL: SHOW COLUMNS FROM `hx_node` [ RunTime:0.0007s ]
SQL: SELECT `pid` FROM `hx_node` WHERE `name` = 'Article' LIMIT 1   [ RunTime:0.0002s ]
NOTIC: [2] Missing argument 1 for Admin\Model\NodeModel::getMenu(), called in /var/www/shop/App/Admin/Controller/BaseController.class.php on line 32 and defined /var/www/shop/App/Admin/Model/NodeModel.class.php 第 29 行.
NOTIC: [8] Undefined variable: id /var/www/shop/App/Admin/Model/NodeModel.class.php 第 32 行.
SQL: SELECT n.name,n.title,n.id,n.pid,n.icon FROM hx_admin a  left join hx_role r on r.id=a.role_id  left join hx_access ac on ac.role_id=r.id  left join hx_node n on n.id=ac.node_id  WHERE n.status = '开启' AND n.type = '是' AND a.id = null ORDER BY n.sort  [ RunTime:0.0003s ]
SQL: SHOW COLUMNS FROM `hx_article` [ RunTime:0.0008s ]
SQL: SHOW COLUMNS FROM `hx_cate` [ RunTime:0.0006s ]

[ 2015-11-12T15:02:49+08:00 ] 119.2.14.179 /index.php/admin
INFO: [ app_init ] --START--
INFO: Run Behavior\BuildLiteBehavior [ RunTime:0.000015s ]
INFO: [ app_init ] --END-- [ RunTime:0.000298s ]
NOTIC: [8192] mysql_get_server_info(): The mysql extension is deprecated and will be removed in the future: use mysqli or PDO instead /var/www/shop/App/Admin/Conf/config.php 第 18 行.
NOTIC: [2] mysql_get_server_info(): Access denied for user 'www'@'localhost' (using password: NO) /var/www/shop/App/Admin/Conf/config.php 第 18 行.
NOTIC: [2] mysql_get_server_info(): A link to the server could not be established /var/www/shop/App/Admin/Conf/config.php 第 18 行.
INFO: [ app_begin ] --START--
INFO: Run Behavior\ReadHtmlCacheBehavior [ RunTime:0.000417s ]
INFO: [ app_begin ] --END-- [ RunTime:0.000461s ]
SQL: SHOW COLUMNS FROM `hx_node` [ RunTime:0.0011s ]
SQL: SHOW COLUMNS FROM `hx_admin` [ RunTime:0.0007s ]
SQL: SELECT n.name,n.title,n.id,n.pid,n.icon FROM hx_admin a  left join hx_role r on r.id=a.role_id  left join hx_access ac on ac.role_id=r.id  left join hx_node n on n.id=ac.node_id  WHERE n.status = '开启' AND a.id = '1' ORDER BY n.sort  [ RunTime:0.0009s ]
SQL: SELECT n.name,n.title,n.id,n.pid,n.icon FROM hx_admin a  left join hx_role r on r.id=a.role_id  left join hx_access ac on ac.role_id=r.id  left join hx_node n on n.id=ac.node_id  WHERE n.status = '开启' AND a.id = '1' ORDER BY n.sort  [ RunTime:0.0007s ]
SQL: SHOW COLUMNS FROM `hx_node` [ RunTime:0.0008s ]
SQL: SELECT `pid` FROM `hx_node` WHERE `name` = 'Index' LIMIT 1   [ RunTime:0.0003s ]
NOTIC: [2] Missing argument 1 for Admin\Model\NodeModel::getMenu(), called in /var/www/shop/App/Admin/Controller/BaseController.class.php on line 32 and defined /var/www/shop/App/Admin/Model/NodeModel.class.php 第 29 行.
NOTIC: [8] Undefined variable: id /var/www/shop/App/Admin/Model/NodeModel.class.php 第 32 行.
SQL: SELECT n.name,n.title,n.id,n.pid,n.icon FROM hx_admin a  left join hx_role r on r.id=a.role_id  left join hx_access ac on ac.role_id=r.id  left join hx_node n on n.id=ac.node_id  WHERE n.status = '开启' AND n.type = '是' AND a.id = null ORDER BY n.sort  [ RunTime:0.0003s ]
INFO: [ view_parse ] --START--
INFO: [ template_filter ] --START--
INFO: Run Behavior\ContentReplaceBehavior [ RunTime:0.000085s ]
INFO: [ template_filter ] --END-- [ RunTime:0.000131s ]
INFO: Run Behavior\ParseTemplateBehavior [ RunTime:0.013789s ]
INFO: [ view_parse ] --END-- [ RunTime:0.013833s ]
INFO: [ view_filter ] --START--
INFO: Run Behavior\WriteHtmlCacheBehavior [ RunTime:0.000119s ]
INFO: [ view_filter ] --END-- [ RunTime:0.000156s ]
INFO: [ app_end ] --START--
INFO: Run Behavior\ShowPageTraceBehavior [ RunTime:0.000446s ]
INFO: [ app_end ] --END-- [ RunTime:0.000493s ]

[ 2015-11-12T15:02:52+08:00 ] 119.2.14.179 /index.php/admin
INFO: [ app_init ] --START--
INFO: Run Behavior\BuildLiteBehavior [ RunTime:0.000017s ]
INFO: [ app_init ] --END-- [ RunTime:0.000294s ]
NOTIC: [8192] mysql_get_server_info(): The mysql extension is deprecated and will be removed in the future: use mysqli or PDO instead /var/www/shop/App/Admin/Conf/config.php 第 18 行.
NOTIC: [2] mysql_get_server_info(): Access denied for user 'www'@'localhost' (using password: NO) /var/www/shop/App/Admin/Conf/config.php 第 18 行.
NOTIC: [2] mysql_get_server_info(): A link to the server could not be established /var/www/shop/App/Admin/Conf/config.php 第 18 行.
INFO: [ app_begin ] --START--
INFO: Run Behavior\ReadHtmlCacheBehavior [ RunTime:0.000395s ]
INFO: [ app_begin ] --END-- [ RunTime:0.000438s ]
SQL: SHOW COLUMNS FROM `hx_node` [ RunTime:0.0011s ]
SQL: SHOW COLUMNS FROM `hx_admin` [ RunTime:0.0007s ]
SQL: SELECT n.name,n.title,n.id,n.pid,n.icon FROM hx_admin a  left join hx_role r on r.id=a.role_id  left join hx_access ac on ac.role_id=r.id  left join hx_node n on n.id=ac.node_id  WHERE n.status = '开启' AND a.id = '1' ORDER BY n.sort  [ RunTime:0.0009s ]
SQL: SELECT n.name,n.title,n.id,n.pid,n.icon FROM hx_admin a  left join hx_role r on r.id=a.role_id  left join hx_access ac on ac.role_id=r.id  left join hx_node n on n.id=ac.node_id  WHERE n.status = '开启' AND a.id = '1' ORDER BY n.sort  [ RunTime:0.0007s ]
SQL: SHOW COLUMNS FROM `hx_node` [ RunTime:0.0009s ]
SQL: SELECT `pid` FROM `hx_node` WHERE `name` = 'Index' LIMIT 1   [ RunTime:0.0005s ]
NOTIC: [2] Missing argument 1 for Admin\Model\NodeModel::getMenu(), called in /var/www/shop/App/Admin/Controller/BaseController.class.php on line 32 and defined /var/www/shop/App/Admin/Model/NodeModel.class.php 第 29 行.
NOTIC: [8] Undefined variable: id /var/www/shop/App/Admin/Model/NodeModel.class.php 第 32 行.
SQL: SELECT n.name,n.title,n.id,n.pid,n.icon FROM hx_admin a  left join hx_role r on r.id=a.role_id  left join hx_access ac on ac.role_id=r.id  left join hx_node n on n.id=ac.node_id  WHERE n.status = '开启' AND n.type = '是' AND a.id = null ORDER BY n.sort  [ RunTime:0.0004s ]
INFO: [ view_parse ] --START--
INFO: [ template_filter ] --START--
INFO: Run Behavior\ContentReplaceBehavior [ RunTime:0.000088s ]
INFO: [ template_filter ] --END-- [ RunTime:0.000135s ]
INFO: Run Behavior\ParseTemplateBehavior [ RunTime:0.014161s ]
INFO: [ view_parse ] --END-- [ RunTime:0.014207s ]
INFO: [ view_filter ] --START--
INFO: Run Behavior\WriteHtmlCacheBehavior [ RunTime:0.000131s ]
INFO: [ view_filter ] --END-- [ RunTime:0.000169s ]
INFO: [ app_end ] --START--
INFO: Run Behavior\ShowPageTraceBehavior [ RunTime:0.000430s ]
INFO: [ app_end ] --END-- [ RunTime:0.000476s ]

[ 2015-11-12T15:02:55+08:00 ] 119.2.14.179 /index.php/Login/logout.html
INFO: [ app_init ] --START--
INFO: Run Behavior\BuildLiteBehavior [ RunTime:0.000014s ]
INFO: [ app_init ] --END-- [ RunTime:0.000313s ]
NOTIC: [8192] mysql_get_server_info(): The mysql extension is deprecated and will be removed in the future: use mysqli or PDO instead /var/www/shop/App/Admin/Conf/config.php 第 18 行.
NOTIC: [2] mysql_get_server_info(): Access denied for user 'www'@'localhost' (using password: NO) /var/www/shop/App/Admin/Conf/config.php 第 18 行.
NOTIC: [2] mysql_get_server_info(): A link to the server could not be established /var/www/shop/App/Admin/Conf/config.php 第 18 行.
INFO: [ app_begin ] --START--
INFO: Run Behavior\ReadHtmlCacheBehavior [ RunTime:0.000360s ]
INFO: [ app_begin ] --END-- [ RunTime:0.000429s ]

[ 2015-11-12T15:02:55+08:00 ] 119.2.14.179 /index.php/Login/index.html
INFO: [ app_init ] --START--
INFO: Run Behavior\BuildLiteBehavior [ RunTime:0.000017s ]
INFO: [ app_init ] --END-- [ RunTime:0.000297s ]
NOTIC: [8192] mysql_get_server_info(): The mysql extension is deprecated and will be removed in the future: use mysqli or PDO instead /var/www/shop/App/Admin/Conf/config.php 第 18 行.
NOTIC: [2] mysql_get_server_info(): Access denied for user 'www'@'localhost' (using password: NO) /var/www/shop/App/Admin/Conf/config.php 第 18 行.
NOTIC: [2] mysql_get_server_info(): A link to the server could not be established /var/www/shop/App/Admin/Conf/config.php 第 18 行.
INFO: [ app_begin ] --START--
INFO: Run Behavior\ReadHtmlCacheBehavior [ RunTime:0.000398s ]
INFO: [ app_begin ] --END-- [ RunTime:0.000441s ]
INFO: [ view_parse ] --START--
INFO: [ template_filter ] --START--
INFO: Run Behavior\ContentReplaceBehavior [ RunTime:0.000041s ]
INFO: [ template_filter ] --END-- [ RunTime:0.000088s ]
INFO: Run Behavior\ParseTemplateBehavior [ RunTime:0.006178s ]
INFO: [ view_parse ] --END-- [ RunTime:0.006219s ]
INFO: [ view_filter ] --START--
INFO: Run Behavior\WriteHtmlCacheBehavior [ RunTime:0.000138s ]
INFO: [ view_filter ] --END-- [ RunTime:0.000177s ]
INFO: [ app_end ] --START--
INFO: Run Behavior\ShowPageTraceBehavior [ RunTime:0.000382s ]
INFO: [ app_end ] --END-- [ RunTime:0.000422s ]

[ 2015-11-12T15:02:56+08:00 ] 119.2.14.179 /index.php/Login/verify.html
INFO: [ app_init ] --START--
INFO: Run Behavior\BuildLiteBehavior [ RunTime:0.000014s ]
INFO: [ app_init ] --END-- [ RunTime:0.000310s ]
NOTIC: [8192] mysql_get_server_info(): The mysql extension is deprecated and will be removed in the future: use mysqli or PDO instead /var/www/shop/App/Admin/Conf/config.php 第 18 行.
NOTIC: [2] mysql_get_server_info(): Access denied for user 'www'@'localhost' (using password: NO) /var/www/shop/App/Admin/Conf/config.php 第 18 行.
NOTIC: [2] mysql_get_server_info(): A link to the server could not be established /var/www/shop/App/Admin/Conf/config.php 第 18 行.
INFO: [ app_begin ] --START--
INFO: Run Behavior\ReadHtmlCacheBehavior [ RunTime:0.000412s ]
INFO: [ app_begin ] --END-- [ RunTime:0.000456s ]
INFO: [ app_end ] --START--
INFO: Run Behavior\ShowPageTraceBehavior [ RunTime:0.000418s ]
INFO: [ app_end ] --END-- [ RunTime:0.000469s ]

[ 2015-11-12T17:48:56+08:00 ] 119.2.14.179 /index.php/admin
INFO: [ app_init ] --START--
INFO: Run Behavior\BuildLiteBehavior [ RunTime:0.000014s ]
INFO: [ app_init ] --END-- [ RunTime:0.000276s ]
NOTIC: [8192] mysql_get_server_info(): The mysql extension is deprecated and will be removed in the future: use mysqli or PDO instead /var/www/shop/App/Admin/Conf/config.php 第 18 行.
NOTIC: [2] mysql_get_server_info(): Access denied for user 'www'@'localhost' (using password: NO) /var/www/shop/App/Admin/Conf/config.php 第 18 行.
NOTIC: [2] mysql_get_server_info(): A link to the server could not be established /var/www/shop/App/Admin/Conf/config.php 第 18 行.
INFO: [ app_begin ] --START--
INFO: Run Behavior\ReadHtmlCacheBehavior [ RunTime:0.000359s ]
INFO: [ app_begin ] --END-- [ RunTime:0.000403s ]

[ 2015-11-12T17:48:56+08:00 ] 119.2.14.179 /index.php/Login/index.html
INFO: [ app_init ] --START--
INFO: Run Behavior\BuildLiteBehavior [ RunTime:0.000012s ]
INFO: [ app_init ] --END-- [ RunTime:0.000272s ]
NOTIC: [8192] mysql_get_server_info(): The mysql extension is deprecated and will be removed in the future: use mysqli or PDO instead /var/www/shop/App/Admin/Conf/config.php 第 18 行.
NOTIC: [2] mysql_get_server_info(): Access denied for user 'www'@'localhost' (using password: NO) /var/www/shop/App/Admin/Conf/config.php 第 18 行.
NOTIC: [2] mysql_get_server_info(): A link to the server could not be established /var/www/shop/App/Admin/Conf/config.php 第 18 行.
INFO: [ app_begin ] --START--
INFO: Run Behavior\ReadHtmlCacheBehavior [ RunTime:0.000365s ]
INFO: [ app_begin ] --END-- [ RunTime:0.000409s ]
INFO: [ view_parse ] --START--
INFO: [ template_filter ] --START--
INFO: Run Behavior\ContentReplaceBehavior [ RunTime:0.000041s ]
INFO: [ template_filter ] --END-- [ RunTime:0.000085s ]
INFO: Run Behavior\ParseTemplateBehavior [ RunTime:0.006221s ]
INFO: [ view_parse ] --END-- [ RunTime:0.006261s ]
INFO: [ view_filter ] --START--
INFO: Run Behavior\WriteHtmlCacheBehavior [ RunTime:0.000122s ]
INFO: [ view_filter ] --END-- [ RunTime:0.000160s ]
INFO: [ app_end ] --START--
INFO: Run Behavior\ShowPageTraceBehavior [ RunTime:0.000391s ]
INFO: [ app_end ] --END-- [ RunTime:0.000429s ]

[ 2015-11-12T17:48:56+08:00 ] 119.2.14.179 /index.php/Login/verify.html
INFO: [ app_init ] --START--
INFO: Run Behavior\BuildLiteBehavior [ RunTime:0.000014s ]
INFO: [ app_init ] --END-- [ RunTime:0.000270s ]
NOTIC: [8192] mysql_get_server_info(): The mysql extension is deprecated and will be removed in the future: use mysqli or PDO instead /var/www/shop/App/Admin/Conf/config.php 第 18 行.
NOTIC: [2] mysql_get_server_info(): Access denied for user 'www'@'localhost' (using password: NO) /var/www/shop/App/Admin/Conf/config.php 第 18 行.
NOTIC: [2] mysql_get_server_info(): A link to the server could not be established /var/www/shop/App/Admin/Conf/config.php 第 18 行.
INFO: [ app_begin ] --START--
INFO: Run Behavior\ReadHtmlCacheBehavior [ RunTime:0.000359s ]
INFO: [ app_begin ] --END-- [ RunTime:0.000402s ]
INFO: [ app_end ] --START--
INFO: Run Behavior\ShowPageTraceBehavior [ RunTime:0.000401s ]
INFO: [ app_end ] --END-- [ RunTime:0.000451s ]

[ 2015-11-12T17:49:03+08:00 ] 119.2.14.179 /index.php/Login/relogin.html
INFO: [ app_init ] --START--
INFO: Run Behavior\BuildLiteBehavior [ RunTime:0.000014s ]
INFO: [ app_init ] --END-- [ RunTime:0.000288s ]
NOTIC: [8192] mysql_get_server_info(): The mysql extension is deprecated and will be removed in the future: use mysqli or PDO instead /var/www/shop/App/Admin/Conf/config.php 第 18 行.
NOTIC: [2] mysql_get_server_info(): Access denied for user 'www'@'localhost' (using password: NO) /var/www/shop/App/Admin/Conf/config.php 第 18 行.
NOTIC: [2] mysql_get_server_info(): A link to the server could not be established /var/www/shop/App/Admin/Conf/config.php 第 18 行.
INFO: [ app_begin ] --START--
INFO: Run Behavior\ReadHtmlCacheBehavior [ RunTime:0.000370s ]
INFO: [ app_begin ] --END-- [ RunTime:0.000415s ]

[ 2015-11-12T17:49:06+08:00 ] 119.2.14.179 /index.php/Login/verify/id/0.22752293199300766
INFO: [ app_init ] --START--
INFO: Run Behavior\BuildLiteBehavior [ RunTime:0.000015s ]
INFO: [ app_init ] --END-- [ RunTime:0.000293s ]
NOTIC: [8192] mysql_get_server_info(): The mysql extension is deprecated and will be removed in the future: use mysqli or PDO instead /var/www/shop/App/Admin/Conf/config.php 第 18 行.
NOTIC: [2] mysql_get_server_info(): Access denied for user 'www'@'localhost' (using password: NO) /var/www/shop/App/Admin/Conf/config.php 第 18 行.
NOTIC: [2] mysql_get_server_info(): A link to the server could not be established /var/www/shop/App/Admin/Conf/config.php 第 18 行.
INFO: [ app_begin ] --START--
INFO: Run Behavior\ReadHtmlCacheBehavior [ RunTime:0.000374s ]
INFO: [ app_begin ] --END-- [ RunTime:0.000421s ]
INFO: [ app_end ] --START--
INFO: Run Behavior\ShowPageTraceBehavior [ RunTime:0.000508s ]
INFO: [ app_end ] --END-- [ RunTime:0.000593s ]

[ 2015-11-12T17:49:07+08:00 ] 119.2.14.179 /index.php/Login/verify/id/0.22705594915896654
INFO: [ app_init ] --START--
INFO: Run Behavior\BuildLiteBehavior [ RunTime:0.000014s ]
INFO: [ app_init ] --END-- [ RunTime:0.000278s ]
NOTIC: [8192] mysql_get_server_info(): The mysql extension is deprecated and will be removed in the future: use mysqli or PDO instead /var/www/shop/App/Admin/Conf/config.php 第 18 行.
NOTIC: [2] mysql_get_server_info(): Access denied for user 'www'@'localhost' (using password: NO) /var/www/shop/App/Admin/Conf/config.php 第 18 行.
NOTIC: [2] mysql_get_server_info(): A link to the server could not be established /var/www/shop/App/Admin/Conf/config.php 第 18 行.
INFO: [ app_begin ] --START--
INFO: Run Behavior\ReadHtmlCacheBehavior [ RunTime:0.000359s ]
INFO: [ app_begin ] --END-- [ RunTime:0.000403s ]
INFO: [ app_end ] --START--
INFO: Run Behavior\ShowPageTraceBehavior [ RunTime:0.000391s ]
INFO: [ app_end ] --END-- [ RunTime:0.000441s ]

[ 2015-11-12T17:49:08+08:00 ] 119.2.14.179 /index.php/Login/verify/id/0.7881827347446233
INFO: [ app_init ] --START--
INFO: Run Behavior\BuildLiteBehavior [ RunTime:0.000014s ]
INFO: [ app_init ] --END-- [ RunTime:0.000276s ]
NOTIC: [8192] mysql_get_server_info(): The mysql extension is deprecated and will be removed in the future: use mysqli or PDO instead /var/www/shop/App/Admin/Conf/config.php 第 18 行.
NOTIC: [2] mysql_get_server_info(): Access denied for user 'www'@'localhost' (using password: NO) /var/www/shop/App/Admin/Conf/config.php 第 18 行.
NOTIC: [2] mysql_get_server_info(): A link to the server could not be established /var/www/shop/App/Admin/Conf/config.php 第 18 行.
INFO: [ app_begin ] --START--
INFO: Run Behavior\ReadHtmlCacheBehavior [ RunTime:0.000394s ]
INFO: [ app_begin ] --END-- [ RunTime:0.000438s ]
INFO: [ app_end ] --START--
INFO: Run Behavior\ShowPageTraceBehavior [ RunTime:0.000488s ]
INFO: [ app_end ] --END-- [ RunTime:0.000552s ]

[ 2015-11-12T17:49:08+08:00 ] 119.2.14.179 /index.php/Login/verify/id/0.9026121902279556
INFO: [ app_init ] --START--
INFO: Run Behavior\BuildLiteBehavior [ RunTime:0.000017s ]
INFO: [ app_init ] --END-- [ RunTime:0.000302s ]
NOTIC: [8192] mysql_get_server_info(): The mysql extension is deprecated and will be removed in the future: use mysqli or PDO instead /var/www/shop/App/Admin/Conf/config.php 第 18 行.
NOTIC: [2] mysql_get_server_info(): Access denied for user 'www'@'localhost' (using password: NO) /var/www/shop/App/Admin/Conf/config.php 第 18 行.
NOTIC: [2] mysql_get_server_info(): A link to the server could not be established /var/www/shop/App/Admin/Conf/config.php 第 18 行.
INFO: [ app_begin ] --START--
INFO: Run Behavior\ReadHtmlCacheBehavior [ RunTime:0.000374s ]
INFO: [ app_begin ] --END-- [ RunTime:0.000418s ]
INFO: [ app_end ] --START--
INFO: Run Behavior\ShowPageTraceBehavior [ RunTime:0.000446s ]
INFO: [ app_end ] --END-- [ RunTime:0.000544s ]

[ 2015-11-12T17:49:10+08:00 ] 119.2.14.179 /index.php/Login/verify/id/0.15161561965942383
INFO: [ app_init ] --START--
INFO: Run Behavior\BuildLiteBehavior [ RunTime:0.000015s ]
INFO: [ app_init ] --END-- [ RunTime:0.000287s ]
NOTIC: [8192] mysql_get_server_info(): The mysql extension is deprecated and will be removed in the future: use mysqli or PDO instead /var/www/shop/App/Admin/Conf/config.php 第 18 行.
NOTIC: [2] mysql_get_server_info(): Access denied for user 'www'@'localhost' (using password: NO) /var/www/shop/App/Admin/Conf/config.php 第 18 行.
NOTIC: [2] mysql_get_server_info(): A link to the server could not be established /var/www/shop/App/Admin/Conf/config.php 第 18 行.
INFO: [ app_begin ] --START--
INFO: Run Behavior\ReadHtmlCacheBehavior [ RunTime:0.000403s ]
INFO: [ app_begin ] --END-- [ RunTime:0.000456s ]
INFO: [ app_end ] --START--
INFO: Run Behavior\ShowPageTraceBehavior [ RunTime:0.000539s ]
INFO: [ app_end ] --END-- [ RunTime:0.000613s ]

[ 2015-11-12T17:49:11+08:00 ] 119.2.14.179 /index.php/Login/verify/id/0.800580833107233
INFO: [ app_init ] --START--
INFO: Run Behavior\BuildLiteBehavior [ RunTime:0.000014s ]
INFO: [ app_init ] --END-- [ RunTime:0.000306s ]
NOTIC: [8192] mysql_get_server_info(): The mysql extension is deprecated and will be removed in the future: use mysqli or PDO instead /var/www/shop/App/Admin/Conf/config.php 第 18 行.
NOTIC: [2] mysql_get_server_info(): Access denied for user 'www'@'localhost' (using password: NO) /var/www/shop/App/Admin/Conf/config.php 第 18 行.
NOTIC: [2] mysql_get_server_info(): A link to the server could not be established /var/www/shop/App/Admin/Conf/config.php 第 18 行.
INFO: [ app_begin ] --START--
INFO: Run Behavior\ReadHtmlCacheBehavior [ RunTime:0.000360s ]
INFO: [ app_begin ] --END-- [ RunTime:0.000406s ]
INFO: [ app_end ] --START--
INFO: Run Behavior\ShowPageTraceBehavior [ RunTime:0.000393s ]
INFO: [ app_end ] --END-- [ RunTime:0.000448s ]

[ 2015-11-12T17:49:18+08:00 ] 119.2.14.179 /index.php/Login/relogin.html
INFO: [ app_init ] --START--
INFO: Run Behavior\BuildLiteBehavior [ RunTime:0.000015s ]
INFO: [ app_init ] --END-- [ RunTime:0.000312s ]
NOTIC: [8192] mysql_get_server_info(): The mysql extension is deprecated and will be removed in the future: use mysqli or PDO instead /var/www/shop/App/Admin/Conf/config.php 第 18 行.
NOTIC: [2] mysql_get_server_info(): Access denied for user 'www'@'localhost' (using password: NO) /var/www/shop/App/Admin/Conf/config.php 第 18 行.
NOTIC: [2] mysql_get_server_info(): A link to the server could not be established /var/www/shop/App/Admin/Conf/config.php 第 18 行.
INFO: [ app_begin ] --START--
INFO: Run Behavior\ReadHtmlCacheBehavior [ RunTime:0.000384s ]
INFO: [ app_begin ] --END-- [ RunTime:0.000431s ]
SQL: SHOW COLUMNS FROM `hx_admin` [ RunTime:0.0010s ]
SQL: SELECT * FROM `hx_admin` WHERE `username` = 'admin' AND `password` = 'e10adc3949ba59abbe56e057f20f883e' LIMIT 1   [ RunTime:0.0003s ]
SQL: UPDATE `hx_admin` SET `logintime`='1447321758',`loginip`='119.2.14.179' WHERE `id` = 1 [ RunTime:0.0003s ]

[ 2015-11-12T17:49:18+08:00 ] 119.2.14.179 /index.php/Index/index.html
INFO: [ app_init ] --START--
INFO: Run Behavior\BuildLiteBehavior [ RunTime:0.000013s ]
INFO: [ app_init ] --END-- [ RunTime:0.000268s ]
NOTIC: [8192] mysql_get_server_info(): The mysql extension is deprecated and will be removed in the future: use mysqli or PDO instead /var/www/shop/App/Admin/Conf/config.php 第 18 行.
NOTIC: [2] mysql_get_server_info(): Access denied for user 'www'@'localhost' (using password: NO) /var/www/shop/App/Admin/Conf/config.php 第 18 行.
NOTIC: [2] mysql_get_server_info(): A link to the server could not be established /var/www/shop/App/Admin/Conf/config.php 第 18 行.
INFO: [ app_begin ] --START--
INFO: Run Behavior\ReadHtmlCacheBehavior [ RunTime:0.000366s ]
INFO: [ app_begin ] --END-- [ RunTime:0.000410s ]
SQL: SHOW COLUMNS FROM `hx_node` [ RunTime:0.0009s ]
SQL: SHOW COLUMNS FROM `hx_admin` [ RunTime:0.0007s ]
SQL: SELECT n.name,n.title,n.id,n.pid,n.icon FROM hx_admin a  left join hx_role r on r.id=a.role_id  left join hx_access ac on ac.role_id=r.id  left join hx_node n on n.id=ac.node_id  WHERE n.status = '开启' AND a.id = '1' ORDER BY n.sort  [ RunTime:0.0008s ]
SQL: SELECT n.name,n.title,n.id,n.pid,n.icon FROM hx_admin a  left join hx_role r on r.id=a.role_id  left join hx_access ac on ac.role_id=r.id  left join hx_node n on n.id=ac.node_id  WHERE n.status = '开启' AND a.id = '1' ORDER BY n.sort  [ RunTime:0.0007s ]
SQL: SHOW COLUMNS FROM `hx_node` [ RunTime:0.0007s ]
SQL: SELECT `pid` FROM `hx_node` WHERE `name` = 'Index' LIMIT 1   [ RunTime:0.0003s ]
NOTIC: [2] Missing argument 1 for Admin\Model\NodeModel::getMenu(), called in /var/www/shop/App/Admin/Controller/BaseController.class.php on line 32 and defined /var/www/shop/App/Admin/Model/NodeModel.class.php 第 29 行.
NOTIC: [8] Undefined variable: id /var/www/shop/App/Admin/Model/NodeModel.class.php 第 32 行.
SQL: SELECT n.name,n.title,n.id,n.pid,n.icon FROM hx_admin a  left join hx_role r on r.id=a.role_id  left join hx_access ac on ac.role_id=r.id  left join hx_node n on n.id=ac.node_id  WHERE n.status = '开启' AND n.type = '是' AND a.id = null ORDER BY n.sort  [ RunTime:0.0003s ]
INFO: [ view_parse ] --START--
INFO: [ template_filter ] --START--
INFO: Run Behavior\ContentReplaceBehavior [ RunTime:0.000087s ]
INFO: [ template_filter ] --END-- [ RunTime:0.000135s ]
INFO: Run Behavior\ParseTemplateBehavior [ RunTime:0.014124s ]
INFO: [ view_parse ] --END-- [ RunTime:0.014169s ]
INFO: [ view_filter ] --START--
INFO: Run Behavior\WriteHtmlCacheBehavior [ RunTime:0.000122s ]
INFO: [ view_filter ] --END-- [ RunTime:0.000159s ]
INFO: [ app_end ] --START--
INFO: Run Behavior\ShowPageTraceBehavior [ RunTime:0.000394s ]
INFO: [ app_end ] --END-- [ RunTime:0.000440s ]

[ 2015-11-12T17:49:24+08:00 ] 119.2.14.179 /index.php/Role/index.html
INFO: [ app_init ] --START--
INFO: Run Behavior\BuildLiteBehavior [ RunTime:0.000019s ]
INFO: [ app_init ] --END-- [ RunTime:0.000315s ]
NOTIC: [8192] mysql_get_server_info(): The mysql extension is deprecated and will be removed in the future: use mysqli or PDO instead /var/www/shop/App/Admin/Conf/config.php 第 18 行.
NOTIC: [2] mysql_get_server_info(): Access denied for user 'www'@'localhost' (using password: NO) /var/www/shop/App/Admin/Conf/config.php 第 18 行.
NOTIC: [2] mysql_get_server_info(): A link to the server could not be established /var/www/shop/App/Admin/Conf/config.php 第 18 行.
INFO: [ app_begin ] --START--
INFO: Run Behavior\ReadHtmlCacheBehavior [ RunTime:0.000408s ]
INFO: [ app_begin ] --END-- [ RunTime:0.000453s ]
SQL: SHOW COLUMNS FROM `hx_node` [ RunTime:0.0010s ]
SQL: SHOW COLUMNS FROM `hx_admin` [ RunTime:0.0007s ]
SQL: SELECT n.name,n.title,n.id,n.pid,n.icon FROM hx_admin a  left join hx_role r on r.id=a.role_id  left join hx_access ac on ac.role_id=r.id  left join hx_node n on n.id=ac.node_id  WHERE n.status = '开启' AND a.id = '1' ORDER BY n.sort  [ RunTime:0.0009s ]
SQL: SELECT n.name,n.title,n.id,n.pid,n.icon FROM hx_admin a  left join hx_role r on r.id=a.role_id  left join hx_access ac on ac.role_id=r.id  left join hx_node n on n.id=ac.node_id  WHERE n.status = '开启' AND a.id = '1' ORDER BY n.sort  [ RunTime:0.0007s ]
SQL: SHOW COLUMNS FROM `hx_node` [ RunTime:0.0010s ]
SQL: SELECT `pid` FROM `hx_node` WHERE `name` = 'Role' LIMIT 1   [ RunTime:0.0003s ]
NOTIC: [2] Missing argument 1 for Admin\Model\NodeModel::getMenu(), called in /var/www/shop/App/Admin/Controller/BaseController.class.php on line 32 and defined /var/www/shop/App/Admin/Model/NodeModel.class.php 第 29 行.
NOTIC: [8] Undefined variable: id /var/www/shop/App/Admin/Model/NodeModel.class.php 第 32 行.
SQL: SELECT n.name,n.title,n.id,n.pid,n.icon FROM hx_admin a  left join hx_role r on r.id=a.role_id  left join hx_access ac on ac.role_id=r.id  left join hx_node n on n.id=ac.node_id  WHERE n.status = '开启' AND n.type = '是' AND a.id = null ORDER BY n.sort  [ RunTime:0.0003s ]
SQL: SHOW COLUMNS FROM `hx_role` [ RunTime:0.0006s ]
SQL: SHOW COLUMNS FROM `hx_node` [ RunTime:0.0010s ]
SQL: SHOW COLUMNS FROM `hx_access` [ RunTime:0.0006s ]
SQL: SELECT COUNT(*) AS tp_count FROM `hx_role` LIMIT 1   [ RunTime:0.0002s ]
SQL: SELECT * FROM `hx_role` ORDER BY `sort`,`id` desc LIMIT 0,15   [ RunTime:0.0003s ]
INFO: [ view_parse ] --START--
INFO: [ template_filter ] --START--
INFO: Run Behavior\ContentReplaceBehavior [ RunTime:0.000077s ]
INFO: [ template_filter ] --END-- [ RunTime:0.000123s ]
NOTIC: [8] Use of undefined constant id - assumed 'id' /var/www/shop/Runtime/Cache/Admin/a0a7524eab22c3693baad75fbdbe707e.php 第 423 行.
NOTIC: [8] Use of undefined constant id - assumed 'id' /var/www/shop/Runtime/Cache/Admin/a0a7524eab22c3693baad75fbdbe707e.php 第 423 行.
NOTIC: [8] Use of undefined constant id - assumed 'id' /var/www/shop/Runtime/Cache/Admin/a0a7524eab22c3693baad75fbdbe707e.php 第 423 行.
INFO: Run Behavior\ParseTemplateBehavior [ RunTime:0.015274s ]
INFO: [ view_parse ] --END-- [ RunTime:0.015315s ]
INFO: [ view_filter ] --START--
INFO: Run Behavior\WriteHtmlCacheBehavior [ RunTime:0.000118s ]
INFO: [ view_filter ] --END-- [ RunTime:0.000156s ]
INFO: [ app_end ] --START--
INFO: Run Behavior\ShowPageTraceBehavior [ RunTime:0.000386s ]
INFO: [ app_end ] --END-- [ RunTime:0.000431s ]

[ 2015-11-12T17:49:27+08:00 ] 119.2.14.179 /index.php/Role/add.html
INFO: [ app_init ] --START--
INFO: Run Behavior\BuildLiteBehavior [ RunTime:0.000014s ]
INFO: [ app_init ] --END-- [ RunTime:0.000295s ]
NOTIC: [8192] mysql_get_server_info(): The mysql extension is deprecated and will be removed in the future: use mysqli or PDO instead /var/www/shop/App/Admin/Conf/config.php 第 18 行.
NOTIC: [2] mysql_get_server_info(): Access denied for user 'www'@'localhost' (using password: NO) /var/www/shop/App/Admin/Conf/config.php 第 18 行.
NOTIC: [2] mysql_get_server_info(): A link to the server could not be established /var/www/shop/App/Admin/Conf/config.php 第 18 行.
INFO: [ app_begin ] --START--
INFO: Run Behavior\ReadHtmlCacheBehavior [ RunTime:0.000399s ]
INFO: [ app_begin ] --END-- [ RunTime:0.000449s ]
SQL: SHOW COLUMNS FROM `hx_node` [ RunTime:0.0010s ]
SQL: SHOW COLUMNS FROM `hx_admin` [ RunTime:0.0007s ]
SQL: SELECT n.name,n.title,n.id,n.pid,n.icon FROM hx_admin a  left join hx_role r on r.id=a.role_id  left join hx_access ac on ac.role_id=r.id  left join hx_node n on n.id=ac.node_id  WHERE n.status = '开启' AND a.id = '1' ORDER BY n.sort  [ RunTime:0.0009s ]
SQL: SELECT n.name,n.title,n.id,n.pid,n.icon FROM hx_admin a  left join hx_role r on r.id=a.role_id  left join hx_access ac on ac.role_id=r.id  left join hx_node n on n.id=ac.node_id  WHERE n.status = '开启' AND a.id = '1' ORDER BY n.sort  [ RunTime:0.0007s ]
SQL: SHOW COLUMNS FROM `hx_node` [ RunTime:0.0007s ]
SQL: SELECT `pid` FROM `hx_node` WHERE `name` = 'Role' LIMIT 1   [ RunTime:0.0003s ]
NOTIC: [2] Missing argument 1 for Admin\Model\NodeModel::getMenu(), called in /var/www/shop/App/Admin/Controller/BaseController.class.php on line 32 and defined /var/www/shop/App/Admin/Model/NodeModel.class.php 第 29 行.
NOTIC: [8] Undefined variable: id /var/www/shop/App/Admin/Model/NodeModel.class.php 第 32 行.
SQL: SELECT n.name,n.title,n.id,n.pid,n.icon FROM hx_admin a  left join hx_role r on r.id=a.role_id  left join hx_access ac on ac.role_id=r.id  left join hx_node n on n.id=ac.node_id  WHERE n.status = '开启' AND n.type = '是' AND a.id = null ORDER BY n.sort  [ RunTime:0.0003s ]
SQL: SHOW COLUMNS FROM `hx_role` [ RunTime:0.0007s ]
SQL: SHOW COLUMNS FROM `hx_node` [ RunTime:0.0007s ]
SQL: SHOW COLUMNS FROM `hx_access` [ RunTime:0.0006s ]
INFO: [ view_parse ] --START--
INFO: [ template_filter ] --START--
INFO: Run Behavior\ContentReplaceBehavior [ RunTime:0.000083s ]
INFO: [ template_filter ] --END-- [ RunTime:0.000129s ]
INFO: Run Behavior\ParseTemplateBehavior [ RunTime:0.031341s ]
INFO: [ view_parse ] --END-- [ RunTime:0.031385s ]
INFO: [ view_filter ] --START--
INFO: Run Behavior\WriteHtmlCacheBehavior [ RunTime:0.000117s ]
INFO: [ view_filter ] --END-- [ RunTime:0.000154s ]
INFO: [ app_end ] --START--
INFO: Run Behavior\ShowPageTraceBehavior [ RunTime:0.000428s ]
INFO: [ app_end ] --END-- [ RunTime:0.000475s ]

[ 2015-11-12T18:00:42+08:00 ] 119.2.14.179 /index.php/Role/add.html
INFO: [ app_init ] --START--
INFO: Run Behavior\BuildLiteBehavior [ RunTime:0.000014s ]
INFO: [ app_init ] --END-- [ RunTime:0.000277s ]
NOTIC: [8192] mysql_get_server_info(): The mysql extension is deprecated and will be removed in the future: use mysqli or PDO instead /var/www/shop/App/Admin/Conf/config.php 第 18 行.
NOTIC: [2] mysql_get_server_info(): Access denied for user 'www'@'localhost' (using password: NO) /var/www/shop/App/Admin/Conf/config.php 第 18 行.
NOTIC: [2] mysql_get_server_info(): A link to the server could not be established /var/www/shop/App/Admin/Conf/config.php 第 18 行.
INFO: [ app_begin ] --START--
INFO: Run Behavior\ReadHtmlCacheBehavior [ RunTime:0.000374s ]
INFO: [ app_begin ] --END-- [ RunTime:0.000418s ]
SQL: SHOW COLUMNS FROM `hx_node` [ RunTime:0.0011s ]
SQL: SHOW COLUMNS FROM `hx_admin` [ RunTime:0.0007s ]
SQL: SELECT n.name,n.title,n.id,n.pid,n.icon FROM hx_admin a  left join hx_role r on r.id=a.role_id  left join hx_access ac on ac.role_id=r.id  left join hx_node n on n.id=ac.node_id  WHERE n.status = '开启' AND a.id = '1' ORDER BY n.sort  [ RunTime:0.0009s ]
SQL: SELECT n.name,n.title,n.id,n.pid,n.icon FROM hx_admin a  left join hx_role r on r.id=a.role_id  left join hx_access ac on ac.role_id=r.id  left join hx_node n on n.id=ac.node_id  WHERE n.status = '开启' AND a.id = '1' ORDER BY n.sort  [ RunTime:0.0008s ]
SQL: SHOW COLUMNS FROM `hx_node` [ RunTime:0.0008s ]
SQL: SELECT `pid` FROM `hx_node` WHERE `name` = 'Role' LIMIT 1   [ RunTime:0.0003s ]
NOTIC: [2] Missing argument 1 for Admin\Model\NodeModel::getMenu(), called in /var/www/shop/App/Admin/Controller/BaseController.class.php on line 32 and defined /var/www/shop/App/Admin/Model/NodeModel.class.php 第 29 行.
NOTIC: [8] Undefined variable: id /var/www/shop/App/Admin/Model/NodeModel.class.php 第 32 行.
SQL: SELECT n.name,n.title,n.id,n.pid,n.icon FROM hx_admin a  left join hx_role r on r.id=a.role_id  left join hx_access ac on ac.role_id=r.id  left join hx_node n on n.id=ac.node_id  WHERE n.status = '开启' AND n.type = '是' AND a.id = null ORDER BY n.sort  [ RunTime:0.0003s ]
SQL: SHOW COLUMNS FROM `hx_role` [ RunTime:0.0007s ]
SQL: SHOW COLUMNS FROM `hx_node` [ RunTime:0.0007s ]
SQL: SHOW COLUMNS FROM `hx_access` [ RunTime:0.0006s ]
INFO: [ view_parse ] --START--
INFO: [ template_filter ] --START--
INFO: Run Behavior\ContentReplaceBehavior [ RunTime:0.000082s ]
INFO: [ template_filter ] --END-- [ RunTime:0.000129s ]
INFO: Run Behavior\ParseTemplateBehavior [ RunTime:0.013432s ]
INFO: [ view_parse ] --END-- [ RunTime:0.013474s ]
INFO: [ view_filter ] --START--
INFO: Run Behavior\WriteHtmlCacheBehavior [ RunTime:0.000144s ]
INFO: [ view_filter ] --END-- [ RunTime:0.000181s ]
INFO: [ app_end ] --START--
INFO: Run Behavior\ShowPageTraceBehavior [ RunTime:0.000514s ]
INFO: [ app_end ] --END-- [ RunTime:0.000561s ]

[ 2015-11-12T21:51:51+08:00 ] 119.2.14.179 /index.php/Role/add.html
INFO: [ app_init ] --START--
INFO: Run Behavior\BuildLiteBehavior [ RunTime:0.000014s ]
INFO: [ app_init ] --END-- [ RunTime:0.000280s ]
NOTIC: [8192] mysql_get_server_info(): The mysql extension is deprecated and will be removed in the future: use mysqli or PDO instead /var/www/shop/App/Admin/Conf/config.php 第 18 行.
NOTIC: [2] mysql_get_server_info(): Access denied for user 'www'@'localhost' (using password: NO) /var/www/shop/App/Admin/Conf/config.php 第 18 行.
NOTIC: [2] mysql_get_server_info(): A link to the server could not be established /var/www/shop/App/Admin/Conf/config.php 第 18 行.
INFO: [ app_begin ] --START--
INFO: Run Behavior\ReadHtmlCacheBehavior [ RunTime:0.000358s ]
INFO: [ app_begin ] --END-- [ RunTime:0.000400s ]
SQL: SHOW COLUMNS FROM `hx_node` [ RunTime:0.0010s ]
SQL: SHOW COLUMNS FROM `hx_admin` [ RunTime:0.0007s ]
SQL: SELECT n.name,n.title,n.id,n.pid,n.icon FROM hx_admin a  left join hx_role r on r.id=a.role_id  left join hx_access ac on ac.role_id=r.id  left join hx_node n on n.id=ac.node_id  WHERE n.status = '开启' AND a.id = '1' ORDER BY n.sort  [ RunTime:0.0009s ]
SQL: SELECT n.name,n.title,n.id,n.pid,n.icon FROM hx_admin a  left join hx_role r on r.id=a.role_id  left join hx_access ac on ac.role_id=r.id  left join hx_node n on n.id=ac.node_id  WHERE n.status = '开启' AND a.id = '1' ORDER BY n.sort  [ RunTime:0.0007s ]
SQL: SHOW COLUMNS FROM `hx_node` [ RunTime:0.0007s ]
SQL: SELECT `pid` FROM `hx_node` WHERE `name` = 'Role' LIMIT 1   [ RunTime:0.0003s ]
NOTIC: [2] Missing argument 1 for Admin\Model\NodeModel::getMenu(), called in /var/www/shop/App/Admin/Controller/BaseController.class.php on line 32 and defined /var/www/shop/App/Admin/Model/NodeModel.class.php 第 29 行.
NOTIC: [8] Undefined variable: id /var/www/shop/App/Admin/Model/NodeModel.class.php 第 32 行.
SQL: SELECT n.name,n.title,n.id,n.pid,n.icon FROM hx_admin a  left join hx_role r on r.id=a.role_id  left join hx_access ac on ac.role_id=r.id  left join hx_node n on n.id=ac.node_id  WHERE n.status = '开启' AND n.type = '是' AND a.id = null ORDER BY n.sort  [ RunTime:0.0003s ]
SQL: SHOW COLUMNS FROM `hx_role` [ RunTime:0.0009s ]
SQL: SHOW COLUMNS FROM `hx_node` [ RunTime:0.0007s ]
SQL: SHOW COLUMNS FROM `hx_access` [ RunTime:0.0006s ]
INFO: [ view_parse ] --START--
INFO: [ template_filter ] --START--
INFO: Run Behavior\ContentReplaceBehavior [ RunTime:0.000080s ]
INFO: [ template_filter ] --END-- [ RunTime:0.000124s ]
INFO: Run Behavior\ParseTemplateBehavior [ RunTime:0.012583s ]
INFO: [ view_parse ] --END-- [ RunTime:0.012626s ]
INFO: [ view_filter ] --START--
INFO: Run Behavior\WriteHtmlCacheBehavior [ RunTime:0.000116s ]
INFO: [ view_filter ] --END-- [ RunTime:0.000152s ]
INFO: [ app_end ] --START--
INFO: Run Behavior\ShowPageTraceBehavior [ RunTime:0.000384s ]
INFO: [ app_end ] --END-- [ RunTime:0.000429s ]

[ 2015-11-12T21:58:16+08:00 ] 119.2.14.179 /index.php/Role/add.html
INFO: [ app_init ] --START--
INFO: Run Behavior\BuildLiteBehavior [ RunTime:0.000014s ]
INFO: [ app_init ] --END-- [ RunTime:0.000280s ]
NOTIC: [8192] mysql_get_server_info(): The mysql extension is deprecated and will be removed in the future: use mysqli or PDO instead /var/www/shop/App/Admin/Conf/config.php 第 18 行.
NOTIC: [2] mysql_get_server_info(): Access denied for user 'www'@'localhost' (using password: NO) /var/www/shop/App/Admin/Conf/config.php 第 18 行.
NOTIC: [2] mysql_get_server_info(): A link to the server could not be established /var/www/shop/App/Admin/Conf/config.php 第 18 行.
INFO: [ app_begin ] --START--
INFO: Run Behavior\ReadHtmlCacheBehavior [ RunTime:0.000365s ]
INFO: [ app_begin ] --END-- [ RunTime:0.000409s ]
SQL: SHOW COLUMNS FROM `hx_node` [ RunTime:0.0010s ]
SQL: SHOW COLUMNS FROM `hx_admin` [ RunTime:0.0007s ]
SQL: SELECT n.name,n.title,n.id,n.pid,n.icon FROM hx_admin a  left join hx_role r on r.id=a.role_id  left join hx_access ac on ac.role_id=r.id  left join hx_node n on n.id=ac.node_id  WHERE n.status = '开启' AND a.id = '1' ORDER BY n.sort  [ RunTime:0.0009s ]
SQL: SELECT n.name,n.title,n.id,n.pid,n.icon FROM hx_admin a  left join hx_role r on r.id=a.role_id  left join hx_access ac on ac.role_id=r.id  left join hx_node n on n.id=ac.node_id  WHERE n.status = '开启' AND a.id = '1' ORDER BY n.sort  [ RunTime:0.0007s ]
SQL: SHOW COLUMNS FROM `hx_node` [ RunTime:0.0007s ]
SQL: SELECT `pid` FROM `hx_node` WHERE `name` = 'Role' LIMIT 1   [ RunTime:0.0003s ]
NOTIC: [2] Missing argument 1 for Admin\Model\NodeModel::getMenu(), called in /var/www/shop/App/Admin/Controller/BaseController.class.php on line 32 and defined /var/www/shop/App/Admin/Model/NodeModel.class.php 第 29 行.
NOTIC: [8] Undefined variable: id /var/www/shop/App/Admin/Model/NodeModel.class.php 第 32 行.
SQL: SELECT n.name,n.title,n.id,n.pid,n.icon FROM hx_admin a  left join hx_role r on r.id=a.role_id  left join hx_access ac on ac.role_id=r.id  left join hx_node n on n.id=ac.node_id  WHERE n.status = '开启' AND n.type = '是' AND a.id = null ORDER BY n.sort  [ RunTime:0.0003s ]
SQL: SHOW COLUMNS FROM `hx_role` [ RunTime:0.0007s ]
SQL: SHOW COLUMNS FROM `hx_node` [ RunTime:0.0007s ]
SQL: SHOW COLUMNS FROM `hx_access` [ RunTime:0.0006s ]
INFO: [ view_parse ] --START--
INFO: [ template_filter ] --START--
INFO: Run Behavior\ContentReplaceBehavior [ RunTime:0.000101s ]
INFO: [ template_filter ] --END-- [ RunTime:0.000168s ]
INFO: Run Behavior\ParseTemplateBehavior [ RunTime:0.013069s ]
INFO: [ view_parse ] --END-- [ RunTime:0.013112s ]
INFO: [ view_filter ] --START--
INFO: Run Behavior\WriteHtmlCacheBehavior [ RunTime:0.000121s ]
INFO: [ view_filter ] --END-- [ RunTime:0.000158s ]
INFO: [ app_end ] --START--
INFO: Run Behavior\ShowPageTraceBehavior [ RunTime:0.000479s ]
INFO: [ app_end ] --END-- [ RunTime:0.000526s ]

[ 2015-11-12T22:11:26+08:00 ] 119.2.14.179 /index.php/Role/add.html
INFO: [ app_init ] --START--
INFO: Run Behavior\BuildLiteBehavior [ RunTime:0.000015s ]
INFO: [ app_init ] --END-- [ RunTime:0.000309s ]
NOTIC: [8192] mysql_get_server_info(): The mysql extension is deprecated and will be removed in the future: use mysqli or PDO instead /var/www/shop/App/Admin/Conf/config.php 第 18 行.
NOTIC: [2] mysql_get_server_info(): Access denied for user 'www'@'localhost' (using password: NO) /var/www/shop/App/Admin/Conf/config.php 第 18 行.
NOTIC: [2] mysql_get_server_info(): A link to the server could not be established /var/www/shop/App/Admin/Conf/config.php 第 18 行.
INFO: [ app_begin ] --START--
INFO: Run Behavior\ReadHtmlCacheBehavior [ RunTime:0.000367s ]
INFO: [ app_begin ] --END-- [ RunTime:0.000411s ]
SQL: SHOW COLUMNS FROM `hx_node` [ RunTime:0.0011s ]
SQL: SHOW COLUMNS FROM `hx_admin` [ RunTime:0.0007s ]
SQL: SELECT n.name,n.title,n.id,n.pid,n.icon FROM hx_admin a  left join hx_role r on r.id=a.role_id  left join hx_access ac on ac.role_id=r.id  left join hx_node n on n.id=ac.node_id  WHERE n.status = '开启' AND a.id = '1' ORDER BY n.sort  [ RunTime:0.0009s ]
SQL: SELECT n.name,n.title,n.id,n.pid,n.icon FROM hx_admin a  left join hx_role r on r.id=a.role_id  left join hx_access ac on ac.role_id=r.id  left join hx_node n on n.id=ac.node_id  WHERE n.status = '开启' AND a.id = '1' ORDER BY n.sort  [ RunTime:0.0007s ]
SQL: SHOW COLUMNS FROM `hx_node` [ RunTime:0.0007s ]
SQL: SELECT `pid` FROM `hx_node` WHERE `name` = 'Role' LIMIT 1   [ RunTime:0.0003s ]
NOTIC: [2] Missing argument 1 for Admin\Model\NodeModel::getMenu(), called in /var/www/shop/App/Admin/Controller/BaseController.class.php on line 32 and defined /var/www/shop/App/Admin/Model/NodeModel.class.php 第 29 行.
NOTIC: [8] Undefined variable: id /var/www/shop/App/Admin/Model/NodeModel.class.php 第 32 行.
SQL: SELECT n.name,n.title,n.id,n.pid,n.icon FROM hx_admin a  left join hx_role r on r.id=a.role_id  left join hx_access ac on ac.role_id=r.id  left join hx_node n on n.id=ac.node_id  WHERE n.status = '开启' AND n.type = '是' AND a.id = null ORDER BY n.sort  [ RunTime:0.0003s ]
SQL: SHOW COLUMNS FROM `hx_role` [ RunTime:0.0006s ]
SQL: SHOW COLUMNS FROM `hx_node` [ RunTime:0.0007s ]
SQL: SHOW COLUMNS FROM `hx_access` [ RunTime:0.0006s ]
INFO: [ view_parse ] --START--
INFO: [ template_filter ] --START--
INFO: Run Behavior\ContentReplaceBehavior [ RunTime:0.000081s ]
INFO: [ template_filter ] --END-- [ RunTime:0.000128s ]
INFO: Run Behavior\ParseTemplateBehavior [ RunTime:0.012698s ]
INFO: [ view_parse ] --END-- [ RunTime:0.012741s ]
INFO: [ view_filter ] --START--
INFO: Run Behavior\WriteHtmlCacheBehavior [ RunTime:0.000118s ]
INFO: [ view_filter ] --END-- [ RunTime:0.000155s ]
INFO: [ app_end ] --START--
INFO: Run Behavior\ShowPageTraceBehavior [ RunTime:0.000445s ]
INFO: [ app_end ] --END-- [ RunTime:0.000494s ]

[ 2015-11-12T22:33:53+08:00 ] 119.2.14.179 /index.php/AdminUser/index.html
INFO: [ app_init ] --START--
INFO: Run Behavior\BuildLiteBehavior [ RunTime:0.000015s ]
INFO: [ app_init ] --END-- [ RunTime:0.000280s ]
NOTIC: [8192] mysql_get_server_info(): The mysql extension is deprecated and will be removed in the future: use mysqli or PDO instead /var/www/shop/App/Admin/Conf/config.php 第 18 行.
NOTIC: [2] mysql_get_server_info(): Access denied for user 'www'@'localhost' (using password: NO) /var/www/shop/App/Admin/Conf/config.php 第 18 行.
NOTIC: [2] mysql_get_server_info(): A link to the server could not be established /var/www/shop/App/Admin/Conf/config.php 第 18 行.
INFO: [ app_begin ] --START--
INFO: Run Behavior\ReadHtmlCacheBehavior [ RunTime:0.000388s ]
INFO: [ app_begin ] --END-- [ RunTime:0.000432s ]
SQL: SHOW COLUMNS FROM `hx_node` [ RunTime:0.0010s ]
SQL: SHOW COLUMNS FROM `hx_admin` [ RunTime:0.0007s ]
SQL: SELECT n.name,n.title,n.id,n.pid,n.icon FROM hx_admin a  left join hx_role r on r.id=a.role_id  left join hx_access ac on ac.role_id=r.id  left join hx_node n on n.id=ac.node_id  WHERE n.status = '开启' AND a.id = '1' ORDER BY n.sort  [ RunTime:0.0009s ]
SQL: SELECT n.name,n.title,n.id,n.pid,n.icon FROM hx_admin a  left join hx_role r on r.id=a.role_id  left join hx_access ac on ac.role_id=r.id  left join hx_node n on n.id=ac.node_id  WHERE n.status = '开启' AND a.id = '1' ORDER BY n.sort  [ RunTime:0.0007s ]
SQL: SHOW COLUMNS FROM `hx_node` [ RunTime:0.0007s ]
SQL: SELECT `pid` FROM `hx_node` WHERE `name` = 'AdminUser' LIMIT 1   [ RunTime:0.0002s ]
NOTIC: [2] Missing argument 1 for Admin\Model\NodeModel::getMenu(), called in /var/www/shop/App/Admin/Controller/BaseController.class.php on line 32 and defined /var/www/shop/App/Admin/Model/NodeModel.class.php 第 29 行.
NOTIC: [8] Undefined variable: id /var/www/shop/App/Admin/Model/NodeModel.class.php 第 32 行.
SQL: SELECT n.name,n.title,n.id,n.pid,n.icon FROM hx_admin a  left join hx_role r on r.id=a.role_id  left join hx_access ac on ac.role_id=r.id  left join hx_node n on n.id=ac.node_id  WHERE n.status = '开启' AND n.type = '是' AND a.id = null ORDER BY n.sort  [ RunTime:0.0003s ]
SQL: SHOW COLUMNS FROM `hx_role` [ RunTime:0.0007s ]
SQL: SELECT COUNT(*) AS tp_count FROM `hx_admin` LIMIT 1   [ RunTime:0.0002s ]
SQL: SELECT * FROM `hx_admin` ORDER BY `sort`,`id` desc LIMIT 0,15   [ RunTime:0.0002s ]
SQL: SELECT `name` FROM `hx_role` WHERE `id` = 1 LIMIT 1   [ RunTime:0.0002s ]
SQL: SELECT `name` FROM `hx_role` WHERE `id` = 1 LIMIT 1   [ RunTime:0.0002s ]
SQL: SELECT `name` FROM `hx_role` WHERE `id` = 7 LIMIT 1   [ RunTime:0.0002s ]
INFO: [ view_parse ] --START--
INFO: [ template_filter ] --START--
INFO: Run Behavior\ContentReplaceBehavior [ RunTime:0.000082s ]
INFO: [ template_filter ] --END-- [ RunTime:0.000133s ]
NOTIC: [8] Use of undefined constant id - assumed 'id' /var/www/shop/Runtime/Cache/Admin/3978959a548ca82a531c0bbb94f92175.php 第 431 行.
NOTIC: [8] Use of undefined constant id - assumed 'id' /var/www/shop/Runtime/Cache/Admin/3978959a548ca82a531c0bbb94f92175.php 第 431 行.
NOTIC: [8] Use of undefined constant id - assumed 'id' /var/www/shop/Runtime/Cache/Admin/3978959a548ca82a531c0bbb94f92175.php 第 431 行.
INFO: Run Behavior\ParseTemplateBehavior [ RunTime:0.015507s ]
INFO: [ view_parse ] --END-- [ RunTime:0.015548s ]
INFO: [ view_filter ] --START--
INFO: Run Behavior\WriteHtmlCacheBehavior [ RunTime:0.000119s ]
INFO: [ view_filter ] --END-- [ RunTime:0.000161s ]
INFO: [ app_end ] --START--
INFO: Run Behavior\ShowPageTraceBehavior [ RunTime:0.000401s ]
INFO: [ app_end ] --END-- [ RunTime:0.000447s ]

[ 2015-11-12T22:33:56+08:00 ] 119.2.14.179 /index.php/AdminUser/add.html
INFO: [ app_init ] --START--
INFO: Run Behavior\BuildLiteBehavior [ RunTime:0.000014s ]
INFO: [ app_init ] --END-- [ RunTime:0.000278s ]
NOTIC: [8192] mysql_get_server_info(): The mysql extension is deprecated and will be removed in the future: use mysqli or PDO instead /var/www/shop/App/Admin/Conf/config.php 第 18 行.
NOTIC: [2] mysql_get_server_info(): Access denied for user 'www'@'localhost' (using password: NO) /var/www/shop/App/Admin/Conf/config.php 第 18 行.
NOTIC: [2] mysql_get_server_info(): A link to the server could not be established /var/www/shop/App/Admin/Conf/config.php 第 18 行.
INFO: [ app_begin ] --START--
INFO: Run Behavior\ReadHtmlCacheBehavior [ RunTime:0.000376s ]
INFO: [ app_begin ] --END-- [ RunTime:0.000420s ]
SQL: SHOW COLUMNS FROM `hx_node` [ RunTime:0.0010s ]
SQL: SHOW COLUMNS FROM `hx_admin` [ RunTime:0.0008s ]
SQL: SELECT n.name,n.title,n.id,n.pid,n.icon FROM hx_admin a  left join hx_role r on r.id=a.role_id  left join hx_access ac on ac.role_id=r.id  left join hx_node n on n.id=ac.node_id  WHERE n.status = '开启' AND a.id = '1' ORDER BY n.sort  [ RunTime:0.0009s ]
SQL: SELECT n.name,n.title,n.id,n.pid,n.icon FROM hx_admin a  left join hx_role r on r.id=a.role_id  left join hx_access ac on ac.role_id=r.id  left join hx_node n on n.id=ac.node_id  WHERE n.status = '开启' AND a.id = '1' ORDER BY n.sort  [ RunTime:0.0007s ]
SQL: SHOW COLUMNS FROM `hx_node` [ RunTime:0.0008s ]
SQL: SELECT `pid` FROM `hx_node` WHERE `name` = 'AdminUser' LIMIT 1   [ RunTime:0.0002s ]
NOTIC: [2] Missing argument 1 for Admin\Model\NodeModel::getMenu(), called in /var/www/shop/App/Admin/Controller/BaseController.class.php on line 32 and defined /var/www/shop/App/Admin/Model/NodeModel.class.php 第 29 行.
NOTIC: [8] Undefined variable: id /var/www/shop/App/Admin/Model/NodeModel.class.php 第 32 行.
SQL: SELECT n.name,n.title,n.id,n.pid,n.icon FROM hx_admin a  left join hx_role r on r.id=a.role_id  left join hx_access ac on ac.role_id=r.id  left join hx_node n on n.id=ac.node_id  WHERE n.status = '开启' AND n.type = '是' AND a.id = null ORDER BY n.sort  [ RunTime:0.0003s ]
SQL: SHOW COLUMNS FROM `hx_role` [ RunTime:0.0008s ]
SQL: SELECT * FROM `hx_role`  [ RunTime:0.0003s ]
INFO: [ view_parse ] --START--
INFO: [ template_filter ] --START--
INFO: Run Behavior\ContentReplaceBehavior [ RunTime:0.000086s ]
INFO: [ template_filter ] --END-- [ RunTime:0.000140s ]
INFO: Run Behavior\ParseTemplateBehavior [ RunTime:0.030015s ]
INFO: [ view_parse ] --END-- [ RunTime:0.030071s ]
INFO: [ view_filter ] --START--
INFO: Run Behavior\WriteHtmlCacheBehavior [ RunTime:0.000121s ]
INFO: [ view_filter ] --END-- [ RunTime:0.000158s ]
INFO: [ app_end ] --START--
INFO: Run Behavior\ShowPageTraceBehavior [ RunTime:0.000411s ]
INFO: [ app_end ] --END-- [ RunTime:0.000461s ]

