[ 2015-11-03T15:10:52+08:00 ] 121.42.0.37 /
INFO: [ app_init ] --START--
INFO: Run Behavior\BuildLiteBehavior [ RunTime:0.000036s ]
INFO: [ app_init ] --END-- [ RunTime:0.000318s ]
NOTIC: [8192] mysql_get_server_info(): The mysql extension is deprecated and will be removed in the future: use mysqli or PDO instead /var/www/shop/App/Admin/Conf/config.php 第 18 行.
NOTIC: [2] mysql_get_server_info(): Access denied for user 'www'@'localhost' (using password: NO) /var/www/shop/App/Admin/Conf/config.php 第 18 行.
NOTIC: [2] mysql_get_server_info(): A link to the server could not be established /var/www/shop/App/Admin/Conf/config.php 第 18 行.
NOTIC: [8] Undefined index: HTTP_ACCEPT_LANGUAGE /var/www/shop/App/Admin/Conf/config.php 第 19 行.
INFO: [ app_begin ] --START--
INFO: Run Behavior\ReadHtmlCacheBehavior [ RunTime:0.000402s ]
INFO: [ app_begin ] --END-- [ RunTime:0.000453s ]

[ 2015-11-03T17:46:23+08:00 ] 121.42.0.34 /
INFO: [ app_init ] --START--
INFO: Run Behavior\BuildLiteBehavior [ RunTime:0.000019s ]
INFO: [ app_init ] --END-- [ RunTime:0.000366s ]
NOTIC: [8192] mysql_get_server_info(): The mysql extension is deprecated and will be removed in the future: use mysqli or PDO instead /var/www/shop/App/Admin/Conf/config.php 第 18 行.
NOTIC: [2] mysql_get_server_info(): Access denied for user 'www'@'localhost' (using password: NO) /var/www/shop/App/Admin/Conf/config.php 第 18 行.
NOTIC: [2] mysql_get_server_info(): A link to the server could not be established /var/www/shop/App/Admin/Conf/config.php 第 18 行.
INFO: [ app_begin ] --START--
INFO: Run Behavior\ReadHtmlCacheBehavior [ RunTime:0.000403s ]
INFO: [ app_begin ] --END-- [ RunTime:0.000446s ]

[ 2015-11-03T22:09:46+08:00 ] 119.2.14.179 /index.php/admin
INFO: [ app_init ] --START--
INFO: Run Behavior\BuildLiteBehavior [ RunTime:0.000018s ]
INFO: [ app_init ] --END-- [ RunTime:0.000303s ]
NOTIC: [8192] mysql_get_server_info(): The mysql extension is deprecated and will be removed in the future: use mysqli or PDO instead /var/www/shop/App/Admin/Conf/config.php 第 18 行.
NOTIC: [2] mysql_get_server_info(): Access denied for user 'www'@'localhost' (using password: NO) /var/www/shop/App/Admin/Conf/config.php 第 18 行.
NOTIC: [2] mysql_get_server_info(): A link to the server could not be established /var/www/shop/App/Admin/Conf/config.php 第 18 行.
INFO: [ app_begin ] --START--
INFO: Run Behavior\ReadHtmlCacheBehavior [ RunTime:0.000376s ]
INFO: [ app_begin ] --END-- [ RunTime:0.000419s ]

[ 2015-11-03T22:16:10+08:00 ] 119.2.14.179 /Login/index.html
INFO: [ app_init ] --START--
INFO: Run Behavior\BuildLiteBehavior [ RunTime:0.000016s ]
INFO: [ app_init ] --END-- [ RunTime:0.000332s ]
NOTIC: [8192] mysql_get_server_info(): The mysql extension is deprecated and will be removed in the future: use mysqli or PDO instead /var/www/shop/App/Admin/Conf/config.php 第 18 行.
NOTIC: [2] mysql_get_server_info(): Access denied for user 'www'@'localhost' (using password: NO) /var/www/shop/App/Admin/Conf/config.php 第 18 行.
NOTIC: [2] mysql_get_server_info(): A link to the server could not be established /var/www/shop/App/Admin/Conf/config.php 第 18 行.
INFO: [ app_begin ] --START--
INFO: Run Behavior\ReadHtmlCacheBehavior [ RunTime:0.000380s ]
INFO: [ app_begin ] --END-- [ RunTime:0.000427s ]
INFO: [ view_parse ] --START--
INFO: [ template_filter ] --START--
INFO: Run Behavior\ContentReplaceBehavior [ RunTime:0.000041s ]
INFO: [ template_filter ] --END-- [ RunTime:0.000083s ]
INFO: Run Behavior\ParseTemplateBehavior [ RunTime:0.007574s ]
INFO: [ view_parse ] --END-- [ RunTime:0.007616s ]
INFO: [ view_filter ] --START--
INFO: Run Behavior\WriteHtmlCacheBehavior [ RunTime:0.000138s ]
INFO: [ view_filter ] --END-- [ RunTime:0.000176s ]
INFO: [ app_end ] --START--
INFO: Run Behavior\ShowPageTraceBehavior [ RunTime:0.000490s ]
INFO: [ app_end ] --END-- [ RunTime:0.000531s ]

[ 2015-11-03T22:16:10+08:00 ] 119.2.14.179 /Login/verify.html
INFO: [ app_init ] --START--
INFO: Run Behavior\BuildLiteBehavior [ RunTime:0.000014s ]
INFO: [ app_init ] --END-- [ RunTime:0.000280s ]
NOTIC: [8192] mysql_get_server_info(): The mysql extension is deprecated and will be removed in the future: use mysqli or PDO instead /var/www/shop/App/Admin/Conf/config.php 第 18 行.
NOTIC: [2] mysql_get_server_info(): Access denied for user 'www'@'localhost' (using password: NO) /var/www/shop/App/Admin/Conf/config.php 第 18 行.
NOTIC: [2] mysql_get_server_info(): A link to the server could not be established /var/www/shop/App/Admin/Conf/config.php 第 18 行.
INFO: [ app_begin ] --START--
INFO: Run Behavior\ReadHtmlCacheBehavior [ RunTime:0.000388s ]
INFO: [ app_begin ] --END-- [ RunTime:0.000431s ]
INFO: [ app_end ] --START--
INFO: Run Behavior\ShowPageTraceBehavior [ RunTime:0.000394s ]
INFO: [ app_end ] --END-- [ RunTime:0.000444s ]

[ 2015-11-03T22:16:31+08:00 ] 119.2.14.179 /Login/verify/id/0.337765010073781
INFO: [ app_init ] --START--
INFO: Run Behavior\BuildLiteBehavior [ RunTime:0.000014s ]
INFO: [ app_init ] --END-- [ RunTime:0.000289s ]
NOTIC: [8192] mysql_get_server_info(): The mysql extension is deprecated and will be removed in the future: use mysqli or PDO instead /var/www/shop/App/Admin/Conf/config.php 第 18 行.
NOTIC: [2] mysql_get_server_info(): Access denied for user 'www'@'localhost' (using password: NO) /var/www/shop/App/Admin/Conf/config.php 第 18 行.
NOTIC: [2] mysql_get_server_info(): A link to the server could not be established /var/www/shop/App/Admin/Conf/config.php 第 18 行.
INFO: [ app_begin ] --START--
INFO: Run Behavior\ReadHtmlCacheBehavior [ RunTime:0.000361s ]
INFO: [ app_begin ] --END-- [ RunTime:0.000404s ]
INFO: [ app_end ] --START--
INFO: Run Behavior\ShowPageTraceBehavior [ RunTime:0.000448s ]
INFO: [ app_end ] --END-- [ RunTime:0.000499s ]

[ 2015-11-03T22:16:33+08:00 ] 119.2.14.179 /Login/verify/id/0.7392445928417146
INFO: [ app_init ] --START--
INFO: Run Behavior\BuildLiteBehavior [ RunTime:0.000013s ]
INFO: [ app_init ] --END-- [ RunTime:0.000282s ]
NOTIC: [8192] mysql_get_server_info(): The mysql extension is deprecated and will be removed in the future: use mysqli or PDO instead /var/www/shop/App/Admin/Conf/config.php 第 18 行.
NOTIC: [2] mysql_get_server_info(): Access denied for user 'www'@'localhost' (using password: NO) /var/www/shop/App/Admin/Conf/config.php 第 18 行.
NOTIC: [2] mysql_get_server_info(): A link to the server could not be established /var/www/shop/App/Admin/Conf/config.php 第 18 行.
INFO: [ app_begin ] --START--
INFO: Run Behavior\ReadHtmlCacheBehavior [ RunTime:0.000394s ]
INFO: [ app_begin ] --END-- [ RunTime:0.000437s ]
INFO: [ app_end ] --START--
INFO: Run Behavior\ShowPageTraceBehavior [ RunTime:0.000465s ]
INFO: [ app_end ] --END-- [ RunTime:0.000518s ]

[ 2015-11-03T22:16:37+08:00 ] 119.2.14.179 /Login/relogin.html
INFO: [ app_init ] --START--
INFO: Run Behavior\BuildLiteBehavior [ RunTime:0.000015s ]
INFO: [ app_init ] --END-- [ RunTime:0.000308s ]
NOTIC: [8192] mysql_get_server_info(): The mysql extension is deprecated and will be removed in the future: use mysqli or PDO instead /var/www/shop/App/Admin/Conf/config.php 第 18 行.
NOTIC: [2] mysql_get_server_info(): Access denied for user 'www'@'localhost' (using password: NO) /var/www/shop/App/Admin/Conf/config.php 第 18 行.
NOTIC: [2] mysql_get_server_info(): A link to the server could not be established /var/www/shop/App/Admin/Conf/config.php 第 18 行.
INFO: [ app_begin ] --START--
INFO: Run Behavior\ReadHtmlCacheBehavior [ RunTime:0.000400s ]
INFO: [ app_begin ] --END-- [ RunTime:0.000445s ]
SQL: SHOW COLUMNS FROM `hx_admin` [ RunTime:0.0010s ]
SQL: SELECT * FROM `hx_admin` WHERE `username` = 'admin' AND `password` = 'e10adc3949ba59abbe56e057f20f883e' LIMIT 1   [ RunTime:0.0003s ]
SQL: UPDATE `hx_admin` SET `logintime`='1446560197',`loginip`='119.2.14.179' WHERE `id` = 1 [ RunTime:0.0003s ]

[ 2015-11-03T22:16:37+08:00 ] 119.2.14.179 /Index/index.html
INFO: [ app_init ] --START--
INFO: Run Behavior\BuildLiteBehavior [ RunTime:0.000014s ]
INFO: [ app_init ] --END-- [ RunTime:0.000304s ]
NOTIC: [8192] mysql_get_server_info(): The mysql extension is deprecated and will be removed in the future: use mysqli or PDO instead /var/www/shop/App/Admin/Conf/config.php 第 18 行.
NOTIC: [2] mysql_get_server_info(): Access denied for user 'www'@'localhost' (using password: NO) /var/www/shop/App/Admin/Conf/config.php 第 18 行.
NOTIC: [2] mysql_get_server_info(): A link to the server could not be established /var/www/shop/App/Admin/Conf/config.php 第 18 行.
INFO: [ app_begin ] --START--
INFO: Run Behavior\ReadHtmlCacheBehavior [ RunTime:0.000375s ]
INFO: [ app_begin ] --END-- [ RunTime:0.000420s ]
SQL: SHOW COLUMNS FROM `hx_node` [ RunTime:0.0010s ]
SQL: SHOW COLUMNS FROM `hx_admin` [ RunTime:0.0007s ]
SQL: SELECT n.name,n.title,n.id,n.pid,n.icon FROM hx_admin a  left join hx_role r on r.id=a.role_id  left join hx_access ac on ac.role_id=r.id  left join hx_node n on n.id=ac.node_id  WHERE n.status = '开启' AND a.id = '1' ORDER BY n.sort  [ RunTime:0.0148s ]
SQL: SELECT n.name,n.title,n.id,n.pid,n.icon FROM hx_admin a  left join hx_role r on r.id=a.role_id  left join hx_access ac on ac.role_id=r.id  left join hx_node n on n.id=ac.node_id  WHERE n.status = '开启' AND a.id = '1' ORDER BY n.sort  [ RunTime:0.0007s ]
SQL: SHOW COLUMNS FROM `hx_node` [ RunTime:0.0007s ]
SQL: SELECT `pid` FROM `hx_node` WHERE `name` = 'Index' LIMIT 1   [ RunTime:0.0003s ]
NOTIC: [2] Missing argument 1 for Admin\Model\NodeModel::getMenu(), called in /var/www/shop/App/Admin/Controller/BaseController.class.php on line 32 and defined /var/www/shop/App/Admin/Model/NodeModel.class.php 第 29 行.
NOTIC: [8] Undefined variable: id /var/www/shop/App/Admin/Model/NodeModel.class.php 第 32 行.
SQL: SELECT n.name,n.title,n.id,n.pid,n.icon FROM hx_admin a  left join hx_role r on r.id=a.role_id  left join hx_access ac on ac.role_id=r.id  left join hx_node n on n.id=ac.node_id  WHERE n.status = '开启' AND n.type = '是' AND a.id = null ORDER BY n.sort  [ RunTime:0.0003s ]
INFO: [ view_parse ] --START--
INFO: [ template_filter ] --START--
INFO: Run Behavior\ContentReplaceBehavior [ RunTime:0.000081s ]
INFO: [ template_filter ] --END-- [ RunTime:0.000126s ]
INFO: Run Behavior\ParseTemplateBehavior [ RunTime:0.013580s ]
INFO: [ view_parse ] --END-- [ RunTime:0.013624s ]
INFO: [ view_filter ] --START--
INFO: Run Behavior\WriteHtmlCacheBehavior [ RunTime:0.000120s ]
INFO: [ view_filter ] --END-- [ RunTime:0.000158s ]
INFO: [ app_end ] --START--
INFO: Run Behavior\ShowPageTraceBehavior [ RunTime:0.000382s ]
INFO: [ app_end ] --END-- [ RunTime:0.000441s ]

[ 2015-11-03T22:16:53+08:00 ] 119.2.14.179 /User/index.html
INFO: [ app_init ] --START--
INFO: Run Behavior\BuildLiteBehavior [ RunTime:0.000034s ]
INFO: [ app_init ] --END-- [ RunTime:0.000377s ]
NOTIC: [8192] mysql_get_server_info(): The mysql extension is deprecated and will be removed in the future: use mysqli or PDO instead /var/www/shop/App/Admin/Conf/config.php 第 18 行.
NOTIC: [2] mysql_get_server_info(): Access denied for user 'www'@'localhost' (using password: NO) /var/www/shop/App/Admin/Conf/config.php 第 18 行.
NOTIC: [2] mysql_get_server_info(): A link to the server could not be established /var/www/shop/App/Admin/Conf/config.php 第 18 行.
INFO: [ app_begin ] --START--
INFO: Run Behavior\ReadHtmlCacheBehavior [ RunTime:0.000396s ]
INFO: [ app_begin ] --END-- [ RunTime:0.000439s ]
SQL: SHOW COLUMNS FROM `hx_node` [ RunTime:0.0010s ]
SQL: SHOW COLUMNS FROM `hx_admin` [ RunTime:0.0007s ]
SQL: SELECT n.name,n.title,n.id,n.pid,n.icon FROM hx_admin a  left join hx_role r on r.id=a.role_id  left join hx_access ac on ac.role_id=r.id  left join hx_node n on n.id=ac.node_id  WHERE n.status = '开启' AND a.id = '1' ORDER BY n.sort  [ RunTime:0.0008s ]
SQL: SELECT n.name,n.title,n.id,n.pid,n.icon FROM hx_admin a  left join hx_role r on r.id=a.role_id  left join hx_access ac on ac.role_id=r.id  left join hx_node n on n.id=ac.node_id  WHERE n.status = '开启' AND a.id = '1' ORDER BY n.sort  [ RunTime:0.0007s ]
SQL: SHOW COLUMNS FROM `hx_node` [ RunTime:0.0007s ]
SQL: SELECT `pid` FROM `hx_node` WHERE `name` = 'User' LIMIT 1   [ RunTime:0.0003s ]
NOTIC: [2] Missing argument 1 for Admin\Model\NodeModel::getMenu(), called in /var/www/shop/App/Admin/Controller/BaseController.class.php on line 32 and defined /var/www/shop/App/Admin/Model/NodeModel.class.php 第 29 行.
NOTIC: [8] Undefined variable: id /var/www/shop/App/Admin/Model/NodeModel.class.php 第 32 行.
SQL: SELECT n.name,n.title,n.id,n.pid,n.icon FROM hx_admin a  left join hx_role r on r.id=a.role_id  left join hx_access ac on ac.role_id=r.id  left join hx_node n on n.id=ac.node_id  WHERE n.status = '开启' AND n.type = '是' AND a.id = null ORDER BY n.sort  [ RunTime:0.0003s ]
SQL: SHOW COLUMNS FROM `hx_users` [ RunTime:0.0008s ]
NOTIC: [8] Undefined variable: where /var/www/shop/App/Admin/Controller/UserController.class.php 第 40 行.
SQL: SELECT COUNT(*) AS tp_count FROM `hx_users` LIMIT 1   [ RunTime:0.0002s ]
SQL: SELECT * FROM `hx_users` ORDER BY `id` desc LIMIT 0,15   [ RunTime:0.0002s ]
INFO: [ view_parse ] --START--
INFO: [ template_filter ] --START--
INFO: Run Behavior\ContentReplaceBehavior [ RunTime:0.000099s ]
INFO: [ template_filter ] --END-- [ RunTime:0.000167s ]
NOTIC: [8] Undefined index: name /var/www/shop/Runtime/Cache/Admin/4295d5db477f3199c8db51638416159f.php 第 366 行.
NOTIC: [8] Undefined index: email /var/www/shop/Runtime/Cache/Admin/4295d5db477f3199c8db51638416159f.php 第 369 行.
NOTIC: [8] Undefined index: starTime /var/www/shop/Runtime/Cache/Admin/4295d5db477f3199c8db51638416159f.php 第 372 行.
NOTIC: [8] Undefined index: endTime /var/www/shop/Runtime/Cache/Admin/4295d5db477f3199c8db51638416159f.php 第 375 行.
NOTIC: [8] Use of undefined constant id - assumed 'id' /var/www/shop/Runtime/Cache/Admin/4295d5db477f3199c8db51638416159f.php 第 444 行.
NOTIC: [8] Use of undefined constant id - assumed 'id' /var/www/shop/Runtime/Cache/Admin/4295d5db477f3199c8db51638416159f.php 第 448 行.
INFO: Run Behavior\ParseTemplateBehavior [ RunTime:0.018019s ]
INFO: [ view_parse ] --END-- [ RunTime:0.018062s ]
INFO: [ view_filter ] --START--
INFO: Run Behavior\WriteHtmlCacheBehavior [ RunTime:0.000145s ]
INFO: [ view_filter ] --END-- [ RunTime:0.000182s ]
INFO: [ app_end ] --START--
INFO: Run Behavior\ShowPageTraceBehavior [ RunTime:0.000437s ]
INFO: [ app_end ] --END-- [ RunTime:0.000484s ]

[ 2015-11-03T22:16:55+08:00 ] 119.2.14.179 /AdminUser/index.html
INFO: [ app_init ] --START--
INFO: Run Behavior\BuildLiteBehavior [ RunTime:0.000015s ]
INFO: [ app_init ] --END-- [ RunTime:0.000295s ]
NOTIC: [8192] mysql_get_server_info(): The mysql extension is deprecated and will be removed in the future: use mysqli or PDO instead /var/www/shop/App/Admin/Conf/config.php 第 18 行.
NOTIC: [2] mysql_get_server_info(): Access denied for user 'www'@'localhost' (using password: NO) /var/www/shop/App/Admin/Conf/config.php 第 18 行.
NOTIC: [2] mysql_get_server_info(): A link to the server could not be established /var/www/shop/App/Admin/Conf/config.php 第 18 行.
INFO: [ app_begin ] --START--
INFO: Run Behavior\ReadHtmlCacheBehavior [ RunTime:0.000400s ]
INFO: [ app_begin ] --END-- [ RunTime:0.000443s ]
SQL: SHOW COLUMNS FROM `hx_node` [ RunTime:0.0011s ]
SQL: SHOW COLUMNS FROM `hx_admin` [ RunTime:0.0008s ]
SQL: SELECT n.name,n.title,n.id,n.pid,n.icon FROM hx_admin a  left join hx_role r on r.id=a.role_id  left join hx_access ac on ac.role_id=r.id  left join hx_node n on n.id=ac.node_id  WHERE n.status = '开启' AND a.id = '1' ORDER BY n.sort  [ RunTime:0.0008s ]
SQL: SELECT n.name,n.title,n.id,n.pid,n.icon FROM hx_admin a  left join hx_role r on r.id=a.role_id  left join hx_access ac on ac.role_id=r.id  left join hx_node n on n.id=ac.node_id  WHERE n.status = '开启' AND a.id = '1' ORDER BY n.sort  [ RunTime:0.0010s ]
SQL: SHOW COLUMNS FROM `hx_node` [ RunTime:0.0008s ]
SQL: SELECT `pid` FROM `hx_node` WHERE `name` = 'AdminUser' LIMIT 1   [ RunTime:0.0003s ]
NOTIC: [2] Missing argument 1 for Admin\Model\NodeModel::getMenu(), called in /var/www/shop/App/Admin/Controller/BaseController.class.php on line 32 and defined /var/www/shop/App/Admin/Model/NodeModel.class.php 第 29 行.
NOTIC: [8] Undefined variable: id /var/www/shop/App/Admin/Model/NodeModel.class.php 第 32 行.
SQL: SELECT n.name,n.title,n.id,n.pid,n.icon FROM hx_admin a  left join hx_role r on r.id=a.role_id  left join hx_access ac on ac.role_id=r.id  left join hx_node n on n.id=ac.node_id  WHERE n.status = '开启' AND n.type = '是' AND a.id = null ORDER BY n.sort  [ RunTime:0.0003s ]
SQL: SHOW COLUMNS FROM `hx_role` [ RunTime:0.0007s ]
SQL: SELECT COUNT(*) AS tp_count FROM `hx_admin` LIMIT 1   [ RunTime:0.0002s ]
SQL: SELECT * FROM `hx_admin` ORDER BY `sort`,`id` desc LIMIT 0,15   [ RunTime:0.0003s ]
SQL: SELECT `name` FROM `hx_role` WHERE `id` = 1 LIMIT 1   [ RunTime:0.0002s ]
SQL: SELECT `name` FROM `hx_role` WHERE `id` = 1 LIMIT 1   [ RunTime:0.0002s ]
SQL: SELECT `name` FROM `hx_role` WHERE `id` = 7 LIMIT 1   [ RunTime:0.0002s ]
INFO: [ view_parse ] --START--
INFO: [ template_filter ] --START--
INFO: Run Behavior\ContentReplaceBehavior [ RunTime:0.000100s ]
INFO: [ template_filter ] --END-- [ RunTime:0.000154s ]
NOTIC: [8] Use of undefined constant id - assumed 'id' /var/www/shop/Runtime/Cache/Admin/3978959a548ca82a531c0bbb94f92175.php 第 431 行.
NOTIC: [8] Use of undefined constant id - assumed 'id' /var/www/shop/Runtime/Cache/Admin/3978959a548ca82a531c0bbb94f92175.php 第 431 行.
NOTIC: [8] Use of undefined constant id - assumed 'id' /var/www/shop/Runtime/Cache/Admin/3978959a548ca82a531c0bbb94f92175.php 第 431 行.
INFO: Run Behavior\ParseTemplateBehavior [ RunTime:0.016077s ]
INFO: [ view_parse ] --END-- [ RunTime:0.016126s ]
INFO: [ view_filter ] --START--
INFO: Run Behavior\WriteHtmlCacheBehavior [ RunTime:0.000141s ]
INFO: [ view_filter ] --END-- [ RunTime:0.000183s ]
INFO: [ app_end ] --START--
INFO: Run Behavior\ShowPageTraceBehavior [ RunTime:0.000451s ]
INFO: [ app_end ] --END-- [ RunTime:0.000498s ]

[ 2015-11-03T22:16:56+08:00 ] 119.2.14.179 /Role/index.html
INFO: [ app_init ] --START--
INFO: Run Behavior\BuildLiteBehavior [ RunTime:0.000014s ]
INFO: [ app_init ] --END-- [ RunTime:0.000314s ]
NOTIC: [8192] mysql_get_server_info(): The mysql extension is deprecated and will be removed in the future: use mysqli or PDO instead /var/www/shop/App/Admin/Conf/config.php 第 18 行.
NOTIC: [2] mysql_get_server_info(): Access denied for user 'www'@'localhost' (using password: NO) /var/www/shop/App/Admin/Conf/config.php 第 18 行.
NOTIC: [2] mysql_get_server_info(): A link to the server could not be established /var/www/shop/App/Admin/Conf/config.php 第 18 行.
INFO: [ app_begin ] --START--
INFO: Run Behavior\ReadHtmlCacheBehavior [ RunTime:0.000401s ]
INFO: [ app_begin ] --END-- [ RunTime:0.000445s ]
SQL: SHOW COLUMNS FROM `hx_node` [ RunTime:0.0010s ]
SQL: SHOW COLUMNS FROM `hx_admin` [ RunTime:0.0007s ]
SQL: SELECT n.name,n.title,n.id,n.pid,n.icon FROM hx_admin a  left join hx_role r on r.id=a.role_id  left join hx_access ac on ac.role_id=r.id  left join hx_node n on n.id=ac.node_id  WHERE n.status = '开启' AND a.id = '1' ORDER BY n.sort  [ RunTime:0.0008s ]
SQL: SELECT n.name,n.title,n.id,n.pid,n.icon FROM hx_admin a  left join hx_role r on r.id=a.role_id  left join hx_access ac on ac.role_id=r.id  left join hx_node n on n.id=ac.node_id  WHERE n.status = '开启' AND a.id = '1' ORDER BY n.sort  [ RunTime:0.0007s ]
SQL: SHOW COLUMNS FROM `hx_node` [ RunTime:0.0007s ]
SQL: SELECT `pid` FROM `hx_node` WHERE `name` = 'Role' LIMIT 1   [ RunTime:0.0003s ]
NOTIC: [2] Missing argument 1 for Admin\Model\NodeModel::getMenu(), called in /var/www/shop/App/Admin/Controller/BaseController.class.php on line 32 and defined /var/www/shop/App/Admin/Model/NodeModel.class.php 第 29 行.
NOTIC: [8] Undefined variable: id /var/www/shop/App/Admin/Model/NodeModel.class.php 第 32 行.
SQL: SELECT n.name,n.title,n.id,n.pid,n.icon FROM hx_admin a  left join hx_role r on r.id=a.role_id  left join hx_access ac on ac.role_id=r.id  left join hx_node n on n.id=ac.node_id  WHERE n.status = '开启' AND n.type = '是' AND a.id = null ORDER BY n.sort  [ RunTime:0.0003s ]
SQL: SHOW COLUMNS FROM `hx_role` [ RunTime:0.0006s ]
SQL: SHOW COLUMNS FROM `hx_node` [ RunTime:0.0007s ]
SQL: SHOW COLUMNS FROM `hx_access` [ RunTime:0.0006s ]
SQL: SELECT COUNT(*) AS tp_count FROM `hx_role` LIMIT 1   [ RunTime:0.0002s ]
SQL: SELECT * FROM `hx_role` ORDER BY `sort`,`id` desc LIMIT 0,15   [ RunTime:0.0002s ]
INFO: [ view_parse ] --START--
INFO: [ template_filter ] --START--
INFO: Run Behavior\ContentReplaceBehavior [ RunTime:0.000078s ]
INFO: [ template_filter ] --END-- [ RunTime:0.000124s ]
NOTIC: [8] Use of undefined constant id - assumed 'id' /var/www/shop/Runtime/Cache/Admin/a0a7524eab22c3693baad75fbdbe707e.php 第 423 行.
NOTIC: [8] Use of undefined constant id - assumed 'id' /var/www/shop/Runtime/Cache/Admin/a0a7524eab22c3693baad75fbdbe707e.php 第 423 行.
NOTIC: [8] Use of undefined constant id - assumed 'id' /var/www/shop/Runtime/Cache/Admin/a0a7524eab22c3693baad75fbdbe707e.php 第 423 行.
INFO: Run Behavior\ParseTemplateBehavior [ RunTime:0.014829s ]
INFO: [ view_parse ] --END-- [ RunTime:0.014867s ]
INFO: [ view_filter ] --START--
INFO: Run Behavior\WriteHtmlCacheBehavior [ RunTime:0.000123s ]
INFO: [ view_filter ] --END-- [ RunTime:0.000161s ]
INFO: [ app_end ] --START--
INFO: Run Behavior\ShowPageTraceBehavior [ RunTime:0.000399s ]
INFO: [ app_end ] --END-- [ RunTime:0.000445s ]

[ 2015-11-03T22:16:58+08:00 ] 119.2.14.179 /Node/index.html
INFO: [ app_init ] --START--
INFO: Run Behavior\BuildLiteBehavior [ RunTime:0.000037s ]
INFO: [ app_init ] --END-- [ RunTime:0.000324s ]
NOTIC: [8192] mysql_get_server_info(): The mysql extension is deprecated and will be removed in the future: use mysqli or PDO instead /var/www/shop/App/Admin/Conf/config.php 第 18 行.
NOTIC: [2] mysql_get_server_info(): Access denied for user 'www'@'localhost' (using password: NO) /var/www/shop/App/Admin/Conf/config.php 第 18 行.
NOTIC: [2] mysql_get_server_info(): A link to the server could not be established /var/www/shop/App/Admin/Conf/config.php 第 18 行.
INFO: [ app_begin ] --START--
INFO: Run Behavior\ReadHtmlCacheBehavior [ RunTime:0.000403s ]
INFO: [ app_begin ] --END-- [ RunTime:0.000446s ]
SQL: SHOW COLUMNS FROM `hx_node` [ RunTime:0.0010s ]
SQL: SHOW COLUMNS FROM `hx_admin` [ RunTime:0.0007s ]
SQL: SELECT n.name,n.title,n.id,n.pid,n.icon FROM hx_admin a  left join hx_role r on r.id=a.role_id  left join hx_access ac on ac.role_id=r.id  left join hx_node n on n.id=ac.node_id  WHERE n.status = '开启' AND a.id = '1' ORDER BY n.sort  [ RunTime:0.0008s ]
SQL: SELECT n.name,n.title,n.id,n.pid,n.icon FROM hx_admin a  left join hx_role r on r.id=a.role_id  left join hx_access ac on ac.role_id=r.id  left join hx_node n on n.id=ac.node_id  WHERE n.status = '开启' AND a.id = '1' ORDER BY n.sort  [ RunTime:0.0007s ]
SQL: SHOW COLUMNS FROM `hx_node` [ RunTime:0.0007s ]
SQL: SELECT `pid` FROM `hx_node` WHERE `name` = 'Node' LIMIT 1   [ RunTime:0.0003s ]
NOTIC: [2] Missing argument 1 for Admin\Model\NodeModel::getMenu(), called in /var/www/shop/App/Admin/Controller/BaseController.class.php on line 32 and defined /var/www/shop/App/Admin/Model/NodeModel.class.php 第 29 行.
NOTIC: [8] Undefined variable: id /var/www/shop/App/Admin/Model/NodeModel.class.php 第 32 行.
SQL: SELECT n.name,n.title,n.id,n.pid,n.icon FROM hx_admin a  left join hx_role r on r.id=a.role_id  left join hx_access ac on ac.role_id=r.id  left join hx_node n on n.id=ac.node_id  WHERE n.status = '开启' AND n.type = '是' AND a.id = null ORDER BY n.sort  [ RunTime:0.0003s ]
SQL: SHOW COLUMNS FROM `hx_node` [ RunTime:0.0007s ]
SQL: SELECT * FROM `hx_node` ORDER BY `sort`,`id` desc  [ RunTime:0.0004s ]
INFO: [ view_parse ] --START--
INFO: [ template_filter ] --START--
INFO: Run Behavior\ContentReplaceBehavior [ RunTime:0.000086s ]
INFO: [ template_filter ] --END-- [ RunTime:0.000141s ]
NOTIC: [8] Use of undefined constant id - assumed 'id' /var/www/shop/Runtime/Cache/Admin/f5d9020a722c182cb3cb2a19ed19b4d3.php 第 391 行.
NOTIC: [8] Use of undefined constant id - assumed 'id' /var/www/shop/Runtime/Cache/Admin/f5d9020a722c182cb3cb2a19ed19b4d3.php 第 394 行.
NOTIC: [8] Use of undefined constant id - assumed 'id' /var/www/shop/Runtime/Cache/Admin/f5d9020a722c182cb3cb2a19ed19b4d3.php 第 395 行.
NOTIC: [8] Use of undefined constant id - assumed 'id' /var/www/shop/Runtime/Cache/Admin/f5d9020a722c182cb3cb2a19ed19b4d3.php 第 395 行.
NOTIC: [8] Use of undefined constant id - assumed 'id' /var/www/shop/Runtime/Cache/Admin/f5d9020a722c182cb3cb2a19ed19b4d3.php 第 395 行.
NOTIC: [8] Use of undefined constant id - assumed 'id' /var/www/shop/Runtime/Cache/Admin/f5d9020a722c182cb3cb2a19ed19b4d3.php 第 395 行.
NOTIC: [8] Use of undefined constant id - assumed 'id' /var/www/shop/Runtime/Cache/Admin/f5d9020a722c182cb3cb2a19ed19b4d3.php 第 394 行.
NOTIC: [8] Use of undefined constant id - assumed 'id' /var/www/shop/Runtime/Cache/Admin/f5d9020a722c182cb3cb2a19ed19b4d3.php 第 395 行.
NOTIC: [8] Use of undefined constant id - assumed 'id' /var/www/shop/Runtime/Cache/Admin/f5d9020a722c182cb3cb2a19ed19b4d3.php 第 395 行.
NOTIC: [8] Use of undefined constant id - assumed 'id' /var/www/shop/Runtime/Cache/Admin/f5d9020a722c182cb3cb2a19ed19b4d3.php 第 395 行.
NOTIC: [8] Use of undefined constant id - assumed 'id' /var/www/shop/Runtime/Cache/Admin/f5d9020a722c182cb3cb2a19ed19b4d3.php 第 395 行.
NOTIC: [8] Use of undefined constant id - assumed 'id' /var/www/shop/Runtime/Cache/Admin/f5d9020a722c182cb3cb2a19ed19b4d3.php 第 394 行.
NOTIC: [8] Use of undefined constant id - assumed 'id' /var/www/shop/Runtime/Cache/Admin/f5d9020a722c182cb3cb2a19ed19b4d3.php 第 395 行.
NOTIC: [8] Use of undefined constant id - assumed 'id' /var/www/shop/Runtime/Cache/Admin/f5d9020a722c182cb3cb2a19ed19b4d3.php 第 395 行.
NOTIC: [8] Use of undefined constant id - assumed 'id' /var/www/shop/Runtime/Cache/Admin/f5d9020a722c182cb3cb2a19ed19b4d3.php 第 394 行.
NOTIC: [8] Use of undefined constant id - assumed 'id' /var/www/shop/Runtime/Cache/Admin/f5d9020a722c182cb3cb2a19ed19b4d3.php 第 395 行.
NOTIC: [8] Use of undefined constant id - assumed 'id' /var/www/shop/Runtime/Cache/Admin/f5d9020a722c182cb3cb2a19ed19b4d3.php 第 395 行.
NOTIC: [8] Use of undefined constant id - assumed 'id' /var/www/shop/Runtime/Cache/Admin/f5d9020a722c182cb3cb2a19ed19b4d3.php 第 395 行.
NOTIC: [8] Use of undefined constant id - assumed 'id' /var/www/shop/Runtime/Cache/Admin/f5d9020a722c182cb3cb2a19ed19b4d3.php 第 391 行.
NOTIC: [8] Use of undefined constant id - assumed 'id' /var/www/shop/Runtime/Cache/Admin/f5d9020a722c182cb3cb2a19ed19b4d3.php 第 394 行.
NOTIC: [8] Use of undefined constant id - assumed 'id' /var/www/shop/Runtime/Cache/Admin/f5d9020a722c182cb3cb2a19ed19b4d3.php 第 395 行.
NOTIC: [8] Use of undefined constant id - assumed 'id' /var/www/shop/Runtime/Cache/Admin/f5d9020a722c182cb3cb2a19ed19b4d3.php 第 395 行.
NOTIC: [8] Use of undefined constant id - assumed 'id' /var/www/shop/Runtime/Cache/Admin/f5d9020a722c182cb3cb2a19ed19b4d3.php 第 395 行.
NOTIC: [8] Use of undefined constant id - assumed 'id' /var/www/shop/Runtime/Cache/Admin/f5d9020a722c182cb3cb2a19ed19b4d3.php 第 391 行.
NOTIC: [8] Use of undefined constant id - assumed 'id' /var/www/shop/Runtime/Cache/Admin/f5d9020a722c182cb3cb2a19ed19b4d3.php 第 394 行.
NOTIC: [8] Use of undefined constant id - assumed 'id' /var/www/shop/Runtime/Cache/Admin/f5d9020a722c182cb3cb2a19ed19b4d3.php 第 395 行.
NOTIC: [8] Use of undefined constant id - assumed 'id' /var/www/shop/Runtime/Cache/Admin/f5d9020a722c182cb3cb2a19ed19b4d3.php 第 395 行.
NOTIC: [8] Use of undefined constant id - assumed 'id' /var/www/shop/Runtime/Cache/Admin/f5d9020a722c182cb3cb2a19ed19b4d3.php 第 395 行.
NOTIC: [8] Use of undefined constant id - assumed 'id' /var/www/shop/Runtime/Cache/Admin/f5d9020a722c182cb3cb2a19ed19b4d3.php 第 395 行.
NOTIC: [8] Use of undefined constant id - assumed 'id' /var/www/shop/Runtime/Cache/Admin/f5d9020a722c182cb3cb2a19ed19b4d3.php 第 394 行.
NOTIC: [8] Use of undefined constant id - assumed 'id' /var/www/shop/Runtime/Cache/Admin/f5d9020a722c182cb3cb2a19ed19b4d3.php 第 395 行.
NOTIC: [8] Use of undefined constant id - assumed 'id' /var/www/shop/Runtime/Cache/Admin/f5d9020a722c182cb3cb2a19ed19b4d3.php 第 395 行.
NOTIC: [8] Use of undefined constant id - assumed 'id' /var/www/shop/Runtime/Cache/Admin/f5d9020a722c182cb3cb2a19ed19b4d3.php 第 395 行.
NOTIC: [8] Use of undefined constant id - assumed 'id' /var/www/shop/Runtime/Cache/Admin/f5d9020a722c182cb3cb2a19ed19b4d3.php 第 395 行.
NOTIC: [8] Use of undefined constant id - assumed 'id' /var/www/shop/Runtime/Cache/Admin/f5d9020a722c182cb3cb2a19ed19b4d3.php 第 395 行.
NOTIC: [8] Use of undefined constant id - assumed 'id' /var/www/shop/Runtime/Cache/Admin/f5d9020a722c182cb3cb2a19ed19b4d3.php 第 394 行.
NOTIC: [8] Use of undefined constant id - assumed 'id' /var/www/shop/Runtime/Cache/Admin/f5d9020a722c182cb3cb2a19ed19b4d3.php 第 395 行.
NOTIC: [8] Use of undefined constant id - assumed 'id' /var/www/shop/Runtime/Cache/Admin/f5d9020a722c182cb3cb2a19ed19b4d3.php 第 395 行.
NOTIC: [8] Use of undefined constant id - assumed 'id' /var/www/shop/Runtime/Cache/Admin/f5d9020a722c182cb3cb2a19ed19b4d3.php 第 395 行.
NOTIC: [8] Use of undefined constant id - assumed 'id' /var/www/shop/Runtime/Cache/Admin/f5d9020a722c182cb3cb2a19ed19b4d3.php 第 395 行.
NOTIC: [8] Use of undefined constant id - assumed 'id' /var/www/shop/Runtime/Cache/Admin/f5d9020a722c182cb3cb2a19ed19b4d3.php 第 391 行.
NOTIC: [8] Use of undefined constant id - assumed 'id' /var/www/shop/Runtime/Cache/Admin/f5d9020a722c182cb3cb2a19ed19b4d3.php 第 394 行.
NOTIC: [8] Use of undefined constant id - assumed 'id' /var/www/shop/Runtime/Cache/Admin/f5d9020a722c182cb3cb2a19ed19b4d3.php 第 395 行.
NOTIC: [8] Use of undefined constant id - assumed 'id' /var/www/shop/Runtime/Cache/Admin/f5d9020a722c182cb3cb2a19ed19b4d3.php 第 395 行.
NOTIC: [8] Use of undefined constant id - assumed 'id' /var/www/shop/Runtime/Cache/Admin/f5d9020a722c182cb3cb2a19ed19b4d3.php 第 395 行.
NOTIC: [8] Use of undefined constant id - assumed 'id' /var/www/shop/Runtime/Cache/Admin/f5d9020a722c182cb3cb2a19ed19b4d3.php 第 395 行.
NOTIC: [8] Use of undefined constant id - assumed 'id' /var/www/shop/Runtime/Cache/Admin/f5d9020a722c182cb3cb2a19ed19b4d3.php 第 394 行.
NOTIC: [8] Use of undefined constant id - assumed 'id' /var/www/shop/Runtime/Cache/Admin/f5d9020a722c182cb3cb2a19ed19b4d3.php 第 395 行.
NOTIC: [8] Use of undefined constant id - assumed 'id' /var/www/shop/Runtime/Cache/Admin/f5d9020a722c182cb3cb2a19ed19b4d3.php 第 395 行.
NOTIC: [8] Use of undefined constant id - assumed 'id' /var/www/shop/Runtime/Cache/Admin/f5d9020a722c182cb3cb2a19ed19b4d3.php 第 395 行.
NOTIC: [8] Use of undefined constant id - assumed 'id' /var/www/shop/Runtime/Cache/Admin/f5d9020a722c182cb3cb2a19ed19b4d3.php 第 395 行.
NOTIC: [8] Use of undefined constant id - assumed 'id' /var/www/shop/Runtime/Cache/Admin/f5d9020a722c182cb3cb2a19ed19b4d3.php 第 391 行.
NOTIC: [8] Use of undefined constant id - assumed 'id' /var/www/shop/Runtime/Cache/Admin/f5d9020a722c182cb3cb2a19ed19b4d3.php 第 394 行.
NOTIC: [8] Use of undefined constant id - assumed 'id' /var/www/shop/Runtime/Cache/Admin/f5d9020a722c182cb3cb2a19ed19b4d3.php 第 395 行.
NOTIC: [8] Use of undefined constant id - assumed 'id' /var/www/shop/Runtime/Cache/Admin/f5d9020a722c182cb3cb2a19ed19b4d3.php 第 395 行.
NOTIC: [8] Use of undefined constant id - assumed 'id' /var/www/shop/Runtime/Cache/Admin/f5d9020a722c182cb3cb2a19ed19b4d3.php 第 395 行.
NOTIC: [8] Use of undefined constant id - assumed 'id' /var/www/shop/Runtime/Cache/Admin/f5d9020a722c182cb3cb2a19ed19b4d3.php 第 395 行.
NOTIC: [8] Use of undefined constant id - assumed 'id' /var/www/shop/Runtime/Cache/Admin/f5d9020a722c182cb3cb2a19ed19b4d3.php 第 391 行.
NOTIC: [8] Use of undefined constant id - assumed 'id' /var/www/shop/Runtime/Cache/Admin/f5d9020a722c182cb3cb2a19ed19b4d3.php 第 394 行.
NOTIC: [8] Use of undefined constant id - assumed 'id' /var/www/shop/Runtime/Cache/Admin/f5d9020a722c182cb3cb2a19ed19b4d3.php 第 395 行.
NOTIC: [8] Use of undefined constant id - assumed 'id' /var/www/shop/Runtime/Cache/Admin/f5d9020a722c182cb3cb2a19ed19b4d3.php 第 394 行.
NOTIC: [8] Use of undefined constant id - assumed 'id' /var/www/shop/Runtime/Cache/Admin/f5d9020a722c182cb3cb2a19ed19b4d3.php 第 395 行.
NOTIC: [8] Use of undefined constant id - assumed 'id' /var/www/shop/Runtime/Cache/Admin/f5d9020a722c182cb3cb2a19ed19b4d3.php 第 395 行.
NOTIC: [8] Use of undefined constant id - assumed 'id' /var/www/shop/Runtime/Cache/Admin/f5d9020a722c182cb3cb2a19ed19b4d3.php 第 395 行.
NOTIC: [8] Use of undefined constant id - assumed 'id' /var/www/shop/Runtime/Cache/Admin/f5d9020a722c182cb3cb2a19ed19b4d3.php 第 395 行.
NOTIC: [8] Use of undefined constant id - assumed 'id' /var/www/shop/Runtime/Cache/Admin/f5d9020a722c182cb3cb2a19ed19b4d3.php 第 391 行.
NOTIC: [8] Use of undefined constant id - assumed 'id' /var/www/shop/Runtime/Cache/Admin/f5d9020a722c182cb3cb2a19ed19b4d3.php 第 394 行.
NOTIC: [8] Use of undefined constant id - assumed 'id' /var/www/shop/Runtime/Cache/Admin/f5d9020a722c182cb3cb2a19ed19b4d3.php 第 395 行.
NOTIC: [8] Use of undefined constant id - assumed 'id' /var/www/shop/Runtime/Cache/Admin/f5d9020a722c182cb3cb2a19ed19b4d3.php 第 395 行.
NOTIC: [8] Use of undefined constant id - assumed 'id' /var/www/shop/Runtime/Cache/Admin/f5d9020a722c182cb3cb2a19ed19b4d3.php 第 394 行.
NOTIC: [8] Use of undefined constant id - assumed 'id' /var/www/shop/Runtime/Cache/Admin/f5d9020a722c182cb3cb2a19ed19b4d3.php 第 395 行.
NOTIC: [8] Use of undefined constant id - assumed 'id' /var/www/shop/Runtime/Cache/Admin/f5d9020a722c182cb3cb2a19ed19b4d3.php 第 395 行.
NOTIC: [8] Use of undefined constant id - assumed 'id' /var/www/shop/Runtime/Cache/Admin/f5d9020a722c182cb3cb2a19ed19b4d3.php 第 395 行.
NOTIC: [8] Use of undefined constant id - assumed 'id' /var/www/shop/Runtime/Cache/Admin/f5d9020a722c182cb3cb2a19ed19b4d3.php 第 395 行.
NOTIC: [8] Use of undefined constant id - assumed 'id' /var/www/shop/Runtime/Cache/Admin/f5d9020a722c182cb3cb2a19ed19b4d3.php 第 394 行.
NOTIC: [8] Use of undefined constant id - assumed 'id' /var/www/shop/Runtime/Cache/Admin/f5d9020a722c182cb3cb2a19ed19b4d3.php 第 395 行.
NOTIC: [8] Use of undefined constant id - assumed 'id' /var/www/shop/Runtime/Cache/Admin/f5d9020a722c182cb3cb2a19ed19b4d3.php 第 394 行.
NOTIC: [8] Use of undefined constant id - assumed 'id' /var/www/shop/Runtime/Cache/Admin/f5d9020a722c182cb3cb2a19ed19b4d3.php 第 395 行.
INFO: Run Behavior\ParseTemplateBehavior [ RunTime:0.022771s ]
INFO: [ view_parse ] --END-- [ RunTime:0.022815s ]
INFO: [ view_filter ] --START--
INFO: Run Behavior\WriteHtmlCacheBehavior [ RunTime:0.000156s ]
INFO: [ view_filter ] --END-- [ RunTime:0.000201s ]
INFO: [ app_end ] --START--
INFO: Run Behavior\ShowPageTraceBehavior [ RunTime:0.000407s ]
INFO: [ app_end ] --END-- [ RunTime:0.000453s ]

[ 2015-11-03T22:17:03+08:00 ] 119.2.14.179 /UserInfo/pass.html
INFO: [ app_init ] --START--
INFO: Run Behavior\BuildLiteBehavior [ RunTime:0.000014s ]
INFO: [ app_init ] --END-- [ RunTime:0.000287s ]
NOTIC: [8192] mysql_get_server_info(): The mysql extension is deprecated and will be removed in the future: use mysqli or PDO instead /var/www/shop/App/Admin/Conf/config.php 第 18 行.
NOTIC: [2] mysql_get_server_info(): Access denied for user 'www'@'localhost' (using password: NO) /var/www/shop/App/Admin/Conf/config.php 第 18 行.
NOTIC: [2] mysql_get_server_info(): A link to the server could not be established /var/www/shop/App/Admin/Conf/config.php 第 18 行.
INFO: [ app_begin ] --START--
INFO: Run Behavior\ReadHtmlCacheBehavior [ RunTime:0.000362s ]
INFO: [ app_begin ] --END-- [ RunTime:0.000405s ]
SQL: SHOW COLUMNS FROM `hx_node` [ RunTime:0.0010s ]
SQL: SHOW COLUMNS FROM `hx_admin` [ RunTime:0.0007s ]
SQL: SELECT n.name,n.title,n.id,n.pid,n.icon FROM hx_admin a  left join hx_role r on r.id=a.role_id  left join hx_access ac on ac.role_id=r.id  left join hx_node n on n.id=ac.node_id  WHERE n.status = '开启' AND a.id = '1' ORDER BY n.sort  [ RunTime:0.0008s ]
SQL: SELECT n.name,n.title,n.id,n.pid,n.icon FROM hx_admin a  left join hx_role r on r.id=a.role_id  left join hx_access ac on ac.role_id=r.id  left join hx_node n on n.id=ac.node_id  WHERE n.status = '开启' AND a.id = '1' ORDER BY n.sort  [ RunTime:0.0007s ]
SQL: SHOW COLUMNS FROM `hx_node` [ RunTime:0.0007s ]
SQL: SELECT `pid` FROM `hx_node` WHERE `name` = 'UserInfo' LIMIT 1   [ RunTime:0.0003s ]
NOTIC: [2] Missing argument 1 for Admin\Model\NodeModel::getMenu(), called in /var/www/shop/App/Admin/Controller/BaseController.class.php on line 32 and defined /var/www/shop/App/Admin/Model/NodeModel.class.php 第 29 行.
NOTIC: [8] Undefined variable: id /var/www/shop/App/Admin/Model/NodeModel.class.php 第 32 行.
SQL: SELECT n.name,n.title,n.id,n.pid,n.icon FROM hx_admin a  left join hx_role r on r.id=a.role_id  left join hx_access ac on ac.role_id=r.id  left join hx_node n on n.id=ac.node_id  WHERE n.status = '开启' AND n.type = '是' AND a.id = null ORDER BY n.sort  [ RunTime:0.0003s ]
NOTIC: [8] Undefined index: uid /var/www/shop/App/Admin/Controller/UserInfoController.class.php 第 41 行.
SQL: SELECT * FROM `hx_admin` LIMIT 1   [ RunTime:0.0002s ]
INFO: [ view_parse ] --START--
INFO: [ template_filter ] --START--
INFO: Run Behavior\ContentReplaceBehavior [ RunTime:0.000082s ]
INFO: [ template_filter ] --END-- [ RunTime:0.000141s ]
INFO: Run Behavior\ParseTemplateBehavior [ RunTime:0.012828s ]
INFO: [ view_parse ] --END-- [ RunTime:0.012871s ]
INFO: [ view_filter ] --START--
INFO: Run Behavior\WriteHtmlCacheBehavior [ RunTime:0.000128s ]
INFO: [ view_filter ] --END-- [ RunTime:0.000165s ]
INFO: [ app_end ] --START--
INFO: Run Behavior\ShowPageTraceBehavior [ RunTime:0.000439s ]
INFO: [ app_end ] --END-- [ RunTime:0.000485s ]

[ 2015-11-03T22:17:07+08:00 ] 119.2.14.179 /UserInfo/index.html
INFO: [ app_init ] --START--
INFO: Run Behavior\BuildLiteBehavior [ RunTime:0.000015s ]
INFO: [ app_init ] --END-- [ RunTime:0.000302s ]
NOTIC: [8192] mysql_get_server_info(): The mysql extension is deprecated and will be removed in the future: use mysqli or PDO instead /var/www/shop/App/Admin/Conf/config.php 第 18 行.
NOTIC: [2] mysql_get_server_info(): Access denied for user 'www'@'localhost' (using password: NO) /var/www/shop/App/Admin/Conf/config.php 第 18 行.
NOTIC: [2] mysql_get_server_info(): A link to the server could not be established /var/www/shop/App/Admin/Conf/config.php 第 18 行.
INFO: [ app_begin ] --START--
INFO: Run Behavior\ReadHtmlCacheBehavior [ RunTime:0.000505s ]
INFO: [ app_begin ] --END-- [ RunTime:0.000563s ]
SQL: SHOW COLUMNS FROM `hx_node` [ RunTime:0.0010s ]
SQL: SHOW COLUMNS FROM `hx_admin` [ RunTime:0.0007s ]
SQL: SELECT n.name,n.title,n.id,n.pid,n.icon FROM hx_admin a  left join hx_role r on r.id=a.role_id  left join hx_access ac on ac.role_id=r.id  left join hx_node n on n.id=ac.node_id  WHERE n.status = '开启' AND a.id = '1' ORDER BY n.sort  [ RunTime:0.0008s ]
SQL: SELECT n.name,n.title,n.id,n.pid,n.icon FROM hx_admin a  left join hx_role r on r.id=a.role_id  left join hx_access ac on ac.role_id=r.id  left join hx_node n on n.id=ac.node_id  WHERE n.status = '开启' AND a.id = '1' ORDER BY n.sort  [ RunTime:0.0007s ]
SQL: SHOW COLUMNS FROM `hx_node` [ RunTime:0.0008s ]
SQL: SELECT `pid` FROM `hx_node` WHERE `name` = 'UserInfo' LIMIT 1   [ RunTime:0.0003s ]
NOTIC: [2] Missing argument 1 for Admin\Model\NodeModel::getMenu(), called in /var/www/shop/App/Admin/Controller/BaseController.class.php on line 32 and defined /var/www/shop/App/Admin/Model/NodeModel.class.php 第 29 行.
NOTIC: [8] Undefined variable: id /var/www/shop/App/Admin/Model/NodeModel.class.php 第 32 行.
SQL: SELECT n.name,n.title,n.id,n.pid,n.icon FROM hx_admin a  left join hx_role r on r.id=a.role_id  left join hx_access ac on ac.role_id=r.id  left join hx_node n on n.id=ac.node_id  WHERE n.status = '开启' AND n.type = '是' AND a.id = null ORDER BY n.sort  [ RunTime:0.0004s ]
NOTIC: [8] Undefined index: uid /var/www/shop/App/Admin/Controller/UserInfoController.class.php 第 19 行.
SQL: SELECT * FROM `hx_admin` LIMIT 1   [ RunTime:0.0002s ]
INFO: [ view_parse ] --START--
INFO: [ template_filter ] --START--
INFO: Run Behavior\ContentReplaceBehavior [ RunTime:0.000077s ]
INFO: [ template_filter ] --END-- [ RunTime:0.000128s ]
INFO: Run Behavior\ParseTemplateBehavior [ RunTime:0.012554s ]
INFO: [ view_parse ] --END-- [ RunTime:0.012596s ]
INFO: [ view_filter ] --START--
INFO: Run Behavior\WriteHtmlCacheBehavior [ RunTime:0.000128s ]
INFO: [ view_filter ] --END-- [ RunTime:0.000176s ]
INFO: [ app_end ] --START--
INFO: Run Behavior\ShowPageTraceBehavior [ RunTime:0.000441s ]
INFO: [ app_end ] --END-- [ RunTime:0.000489s ]

[ 2015-11-03T22:25:26+08:00 ] 119.2.14.179 /Nav/index.html
INFO: [ app_init ] --START--
INFO: Run Behavior\BuildLiteBehavior [ RunTime:0.000014s ]
INFO: [ app_init ] --END-- [ RunTime:0.000321s ]
NOTIC: [8192] mysql_get_server_info(): The mysql extension is deprecated and will be removed in the future: use mysqli or PDO instead /var/www/shop/App/Admin/Conf/config.php 第 18 行.
NOTIC: [2] mysql_get_server_info(): Access denied for user 'www'@'localhost' (using password: NO) /var/www/shop/App/Admin/Conf/config.php 第 18 行.
NOTIC: [2] mysql_get_server_info(): A link to the server could not be established /var/www/shop/App/Admin/Conf/config.php 第 18 行.
INFO: [ app_begin ] --START--
INFO: Run Behavior\ReadHtmlCacheBehavior [ RunTime:0.000435s ]
INFO: [ app_begin ] --END-- [ RunTime:0.000492s ]
SQL: SHOW COLUMNS FROM `hx_node` [ RunTime:0.0010s ]
SQL: SHOW COLUMNS FROM `hx_admin` [ RunTime:0.0008s ]
SQL: SELECT n.name,n.title,n.id,n.pid,n.icon FROM hx_admin a  left join hx_role r on r.id=a.role_id  left join hx_access ac on ac.role_id=r.id  left join hx_node n on n.id=ac.node_id  WHERE n.status = '开启' AND a.id = '1' ORDER BY n.sort  [ RunTime:0.0008s ]
SQL: SELECT n.name,n.title,n.id,n.pid,n.icon FROM hx_admin a  left join hx_role r on r.id=a.role_id  left join hx_access ac on ac.role_id=r.id  left join hx_node n on n.id=ac.node_id  WHERE n.status = '开启' AND a.id = '1' ORDER BY n.sort  [ RunTime:0.0007s ]
SQL: SHOW COLUMNS FROM `hx_node` [ RunTime:0.0007s ]
SQL: SELECT `pid` FROM `hx_node` WHERE `name` = 'Nav' LIMIT 1   [ RunTime:0.0003s ]
NOTIC: [2] Missing argument 1 for Admin\Model\NodeModel::getMenu(), called in /var/www/shop/App/Admin/Controller/BaseController.class.php on line 32 and defined /var/www/shop/App/Admin/Model/NodeModel.class.php 第 29 行.
NOTIC: [8] Undefined variable: id /var/www/shop/App/Admin/Model/NodeModel.class.php 第 32 行.
SQL: SELECT n.name,n.title,n.id,n.pid,n.icon FROM hx_admin a  left join hx_role r on r.id=a.role_id  left join hx_access ac on ac.role_id=r.id  left join hx_node n on n.id=ac.node_id  WHERE n.status = '开启' AND n.type = '是' AND a.id = null ORDER BY n.sort  [ RunTime:0.0003s ]
SQL: SHOW COLUMNS FROM `hx_nav` [ RunTime:0.0007s ]
SQL: SELECT * FROM `hx_nav` ORDER BY `sort`,`id` desc  [ RunTime:0.0003s ]
INFO: [ view_parse ] --START--
INFO: [ template_filter ] --START--
INFO: Run Behavior\ContentReplaceBehavior [ RunTime:0.000083s ]
INFO: [ template_filter ] --END-- [ RunTime:0.000128s ]
NOTIC: [8] Undefined variable: data /var/www/shop/Runtime/Cache/Admin/aa0684b69849b425696ad57104561490.php 第 446 行.
INFO: Run Behavior\ParseTemplateBehavior [ RunTime:0.020121s ]
INFO: [ view_parse ] --END-- [ RunTime:0.020162s ]
INFO: [ view_filter ] --START--
INFO: Run Behavior\WriteHtmlCacheBehavior [ RunTime:0.000168s ]
INFO: [ view_filter ] --END-- [ RunTime:0.000205s ]
INFO: [ app_end ] --START--
INFO: Run Behavior\ShowPageTraceBehavior [ RunTime:0.000454s ]
INFO: [ app_end ] --END-- [ RunTime:0.000500s ]

[ 2015-11-03T22:25:28+08:00 ] 119.2.14.179 /UserInfo/index.html
INFO: [ app_init ] --START--
INFO: Run Behavior\BuildLiteBehavior [ RunTime:0.000014s ]
INFO: [ app_init ] --END-- [ RunTime:0.000278s ]
NOTIC: [8192] mysql_get_server_info(): The mysql extension is deprecated and will be removed in the future: use mysqli or PDO instead /var/www/shop/App/Admin/Conf/config.php 第 18 行.
NOTIC: [2] mysql_get_server_info(): Access denied for user 'www'@'localhost' (using password: NO) /var/www/shop/App/Admin/Conf/config.php 第 18 行.
NOTIC: [2] mysql_get_server_info(): A link to the server could not be established /var/www/shop/App/Admin/Conf/config.php 第 18 行.
INFO: [ app_begin ] --START--
INFO: Run Behavior\ReadHtmlCacheBehavior [ RunTime:0.000391s ]
INFO: [ app_begin ] --END-- [ RunTime:0.000435s ]
SQL: SHOW COLUMNS FROM `hx_node` [ RunTime:0.0010s ]
SQL: SHOW COLUMNS FROM `hx_admin` [ RunTime:0.0007s ]
SQL: SELECT n.name,n.title,n.id,n.pid,n.icon FROM hx_admin a  left join hx_role r on r.id=a.role_id  left join hx_access ac on ac.role_id=r.id  left join hx_node n on n.id=ac.node_id  WHERE n.status = '开启' AND a.id = '1' ORDER BY n.sort  [ RunTime:0.0008s ]
SQL: SELECT n.name,n.title,n.id,n.pid,n.icon FROM hx_admin a  left join hx_role r on r.id=a.role_id  left join hx_access ac on ac.role_id=r.id  left join hx_node n on n.id=ac.node_id  WHERE n.status = '开启' AND a.id = '1' ORDER BY n.sort  [ RunTime:0.0009s ]
SQL: SHOW COLUMNS FROM `hx_node` [ RunTime:0.0007s ]
SQL: SELECT `pid` FROM `hx_node` WHERE `name` = 'UserInfo' LIMIT 1   [ RunTime:0.0003s ]
NOTIC: [2] Missing argument 1 for Admin\Model\NodeModel::getMenu(), called in /var/www/shop/App/Admin/Controller/BaseController.class.php on line 32 and defined /var/www/shop/App/Admin/Model/NodeModel.class.php 第 29 行.
NOTIC: [8] Undefined variable: id /var/www/shop/App/Admin/Model/NodeModel.class.php 第 32 行.
SQL: SELECT n.name,n.title,n.id,n.pid,n.icon FROM hx_admin a  left join hx_role r on r.id=a.role_id  left join hx_access ac on ac.role_id=r.id  left join hx_node n on n.id=ac.node_id  WHERE n.status = '开启' AND n.type = '是' AND a.id = null ORDER BY n.sort  [ RunTime:0.0003s ]
NOTIC: [8] Undefined index: uid /var/www/shop/App/Admin/Controller/UserInfoController.class.php 第 19 行.
SQL: SELECT * FROM `hx_admin` LIMIT 1   [ RunTime:0.0002s ]
INFO: [ view_parse ] --START--
INFO: [ template_filter ] --START--
INFO: Run Behavior\ContentReplaceBehavior [ RunTime:0.000094s ]
INFO: [ template_filter ] --END-- [ RunTime:0.000141s ]
INFO: Run Behavior\ParseTemplateBehavior [ RunTime:0.012388s ]
INFO: [ view_parse ] --END-- [ RunTime:0.012430s ]
INFO: [ view_filter ] --START--
INFO: Run Behavior\WriteHtmlCacheBehavior [ RunTime:0.000119s ]
INFO: [ view_filter ] --END-- [ RunTime:0.000155s ]
INFO: [ app_end ] --START--
INFO: Run Behavior\ShowPageTraceBehavior [ RunTime:0.000397s ]
INFO: [ app_end ] --END-- [ RunTime:0.000473s ]

[ 2015-11-03T22:25:30+08:00 ] 119.2.14.179 /Link/index.html
INFO: [ app_init ] --START--
INFO: Run Behavior\BuildLiteBehavior [ RunTime:0.000014s ]
INFO: [ app_init ] --END-- [ RunTime:0.000278s ]
NOTIC: [8192] mysql_get_server_info(): The mysql extension is deprecated and will be removed in the future: use mysqli or PDO instead /var/www/shop/App/Admin/Conf/config.php 第 18 行.
NOTIC: [2] mysql_get_server_info(): Access denied for user 'www'@'localhost' (using password: NO) /var/www/shop/App/Admin/Conf/config.php 第 18 行.
NOTIC: [2] mysql_get_server_info(): A link to the server could not be established /var/www/shop/App/Admin/Conf/config.php 第 18 行.
INFO: [ app_begin ] --START--
INFO: Run Behavior\ReadHtmlCacheBehavior [ RunTime:0.000364s ]
INFO: [ app_begin ] --END-- [ RunTime:0.000413s ]
SQL: SHOW COLUMNS FROM `hx_node` [ RunTime:0.0010s ]
SQL: SHOW COLUMNS FROM `hx_admin` [ RunTime:0.0007s ]
SQL: SELECT n.name,n.title,n.id,n.pid,n.icon FROM hx_admin a  left join hx_role r on r.id=a.role_id  left join hx_access ac on ac.role_id=r.id  left join hx_node n on n.id=ac.node_id  WHERE n.status = '开启' AND a.id = '1' ORDER BY n.sort  [ RunTime:0.0008s ]
SQL: SELECT n.name,n.title,n.id,n.pid,n.icon FROM hx_admin a  left join hx_role r on r.id=a.role_id  left join hx_access ac on ac.role_id=r.id  left join hx_node n on n.id=ac.node_id  WHERE n.status = '开启' AND a.id = '1' ORDER BY n.sort  [ RunTime:0.0007s ]
SQL: SHOW COLUMNS FROM `hx_node` [ RunTime:0.0007s ]
SQL: SELECT `pid` FROM `hx_node` WHERE `name` = 'Link' LIMIT 1   [ RunTime:0.0003s ]
NOTIC: [2] Missing argument 1 for Admin\Model\NodeModel::getMenu(), called in /var/www/shop/App/Admin/Controller/BaseController.class.php on line 32 and defined /var/www/shop/App/Admin/Model/NodeModel.class.php 第 29 行.
NOTIC: [8] Undefined variable: id /var/www/shop/App/Admin/Model/NodeModel.class.php 第 32 行.
SQL: SELECT n.name,n.title,n.id,n.pid,n.icon FROM hx_admin a  left join hx_role r on r.id=a.role_id  left join hx_access ac on ac.role_id=r.id  left join hx_node n on n.id=ac.node_id  WHERE n.status = '开启' AND n.type = '是' AND a.id = null ORDER BY n.sort  [ RunTime:0.0003s ]
SQL: SHOW COLUMNS FROM `hx_links` [ RunTime:0.0007s ]
SQL: SELECT COUNT(*) AS tp_count FROM `hx_links` LIMIT 1   [ RunTime:0.0002s ]
SQL: SELECT * FROM `hx_links` ORDER BY `sort`,`id` desc LIMIT 0,15   [ RunTime:0.0003s ]
INFO: [ view_parse ] --START--
INFO: [ template_filter ] --START--
INFO: Run Behavior\ContentReplaceBehavior [ RunTime:0.000113s ]
INFO: [ template_filter ] --END-- [ RunTime:0.000172s ]
NOTIC: [8] Use of undefined constant id - assumed 'id' /var/www/shop/Runtime/Cache/Admin/2fecf5b69e1f1cc5fb06ee85be15e67a.php 第 417 行.
NOTIC: [8] Use of undefined constant id - assumed 'id' /var/www/shop/Runtime/Cache/Admin/2fecf5b69e1f1cc5fb06ee85be15e67a.php 第 417 行.
INFO: Run Behavior\ParseTemplateBehavior [ RunTime:0.014972s ]
INFO: [ view_parse ] --END-- [ RunTime:0.015012s ]
INFO: [ view_filter ] --START--
INFO: Run Behavior\WriteHtmlCacheBehavior [ RunTime:0.000121s ]
INFO: [ view_filter ] --END-- [ RunTime:0.000158s ]
INFO: [ app_end ] --START--
INFO: Run Behavior\ShowPageTraceBehavior [ RunTime:0.000455s ]
INFO: [ app_end ] --END-- [ RunTime:0.000502s ]

